{"D:\\Vibe Coding\\technical assessment practice runs\\run 6\\recipe-management-system-vscode-harper-workflow-run-2\\story-starter\\postcss.config.js": {"path":"D:\\Vibe Coding\\technical assessment practice runs\\run 6\\recipe-management-system-vscode-harper-workflow-run-2\\story-starter\\postcss.config.js","all":true,"statementMap":{"0":{"start":{"line":1,"column":0},"end":{"line":1,"column":16}},"1":{"start":{"line":2,"column":0},"end":{"line":2,"column":12}},"2":{"start":{"line":3,"column":0},"end":{"line":3,"column":20}},"3":{"start":{"line":4,"column":0},"end":{"line":4,"column":21}},"4":{"start":{"line":5,"column":0},"end":{"line":5,"column":4}},"5":{"start":{"line":6,"column":0},"end":{"line":6,"column":1}}},"s":{"0":0,"1":0,"2":0,"3":0,"4":0,"5":0},"branchMap":{"0":{"type":"branch","line":1,"loc":{"start":{"line":1,"column":0},"end":{"line":6,"column":1}},"locations":[{"start":{"line":1,"column":0},"end":{"line":6,"column":1}}]}},"b":{"0":[0]},"fnMap":{"0":{"name":"(empty-report)","decl":{"start":{"line":1,"column":0},"end":{"line":6,"column":1}},"loc":{"start":{"line":1,"column":0},"end":{"line":6,"column":1}},"line":1}},"f":{"0":0}}
,"D:\\Vibe Coding\\technical assessment practice runs\\run 6\\recipe-management-system-vscode-harper-workflow-run-2\\story-starter\\tailwind.config.js": {"path":"D:\\Vibe Coding\\technical assessment practice runs\\run 6\\recipe-management-system-vscode-harper-workflow-run-2\\story-starter\\tailwind.config.js","all":true,"statementMap":{"0":{"start":{"line":1,"column":0},"end":{"line":1,"column":43}},"1":{"start":{"line":2,"column":0},"end":{"line":2,"column":16}},"2":{"start":{"line":3,"column":0},"end":{"line":3,"column":24}},"3":{"start":{"line":4,"column":0},"end":{"line":4,"column":64}},"4":{"start":{"line":5,"column":0},"end":{"line":5,"column":10}},"5":{"start":{"line":6,"column":0},"end":{"line":6,"column":12}},"6":{"start":{"line":7,"column":0},"end":{"line":7,"column":19}},"7":{"start":{"line":8,"column":0},"end":{"line":8,"column":25}},"8":{"start":{"line":9,"column":0},"end":{"line":9,"column":37}},"9":{"start":{"line":10,"column":0},"end":{"line":10,"column":36}},"10":{"start":{"line":11,"column":0},"end":{"line":11,"column":6}},"11":{"start":{"line":12,"column":0},"end":{"line":12,"column":13}},"12":{"start":{"line":13,"column":0},"end":{"line":13,"column":42}},"13":{"start":{"line":14,"column":0},"end":{"line":14,"column":42}},"14":{"start":{"line":15,"column":0},"end":{"line":15,"column":12}},"15":{"start":{"line":16,"column":0},"end":{"line":16,"column":34}},"16":{"start":{"line":17,"column":0},"end":{"line":17,"column":47}},"17":{"start":{"line":18,"column":0},"end":{"line":18,"column":7}},"18":{"start":{"line":19,"column":0},"end":{"line":19,"column":15}},"19":{"start":{"line":20,"column":0},"end":{"line":20,"column":37}},"20":{"start":{"line":21,"column":0},"end":{"line":21,"column":50}},"21":{"start":{"line":22,"column":0},"end":{"line":22,"column":7}},"22":{"start":{"line":23,"column":0},"end":{"line":23,"column":15}},"23":{"start":{"line":24,"column":0},"end":{"line":24,"column":37}},"24":{"start":{"line":25,"column":0},"end":{"line":25,"column":50}},"25":{"start":{"line":26,"column":0},"end":{"line":26,"column":7}},"26":{"start":{"line":27,"column":0},"end":{"line":27,"column":17}},"27":{"start":{"line":28,"column":0},"end":{"line":28,"column":39}},"28":{"start":{"line":29,"column":0},"end":{"line":29,"column":52}},"29":{"start":{"line":30,"column":0},"end":{"line":30,"column":7}},"30":{"start":{"line":31,"column":0},"end":{"line":31,"column":13}},"31":{"start":{"line":32,"column":0},"end":{"line":32,"column":35}},"32":{"start":{"line":33,"column":0},"end":{"line":33,"column":48}},"33":{"start":{"line":34,"column":0},"end":{"line":34,"column":7}},"34":{"start":{"line":35,"column":0},"end":{"line":35,"column":14}},"35":{"start":{"line":36,"column":0},"end":{"line":36,"column":36}},"36":{"start":{"line":37,"column":0},"end":{"line":37,"column":49}},"37":{"start":{"line":38,"column":0},"end":{"line":38,"column":7}},"38":{"start":{"line":39,"column":0},"end":{"line":39,"column":19}},"39":{"start":{"line":40,"column":0},"end":{"line":40,"column":41}},"40":{"start":{"line":41,"column":0},"end":{"line":41,"column":54}},"41":{"start":{"line":42,"column":0},"end":{"line":42,"column":7}},"42":{"start":{"line":43,"column":0},"end":{"line":43,"column":34}},"43":{"start":{"line":44,"column":0},"end":{"line":44,"column":32}},"44":{"start":{"line":45,"column":0},"end":{"line":45,"column":30}},"45":{"start":{"line":46,"column":0},"end":{"line":46,"column":13}},"46":{"start":{"line":47,"column":0},"end":{"line":47,"column":33}},"47":{"start":{"line":48,"column":0},"end":{"line":48,"column":33}},"48":{"start":{"line":49,"column":0},"end":{"line":49,"column":33}},"49":{"start":{"line":50,"column":0},"end":{"line":50,"column":33}},"50":{"start":{"line":51,"column":0},"end":{"line":51,"column":32}},"51":{"start":{"line":52,"column":0},"end":{"line":52,"column":6}},"52":{"start":{"line":53,"column":0},"end":{"line":53,"column":5}},"53":{"start":{"line":54,"column":0},"end":{"line":54,"column":4}},"54":{"start":{"line":55,"column":0},"end":{"line":55,"column":4}},"55":{"start":{"line":56,"column":0},"end":{"line":56,"column":44}},"56":{"start":{"line":57,"column":0},"end":{"line":57,"column":1}}},"s":{"0":0,"1":0,"2":0,"3":0,"4":0,"5":0,"6":0,"7":0,"8":0,"9":0,"10":0,"11":0,"12":0,"13":0,"14":0,"15":0,"16":0,"17":0,"18":0,"19":0,"20":0,"21":0,"22":0,"23":0,"24":0,"25":0,"26":0,"27":0,"28":0,"29":0,"30":0,"31":0,"32":0,"33":0,"34":0,"35":0,"36":0,"37":0,"38":0,"39":0,"40":0,"41":0,"42":0,"43":0,"44":0,"45":0,"46":0,"47":0,"48":0,"49":0,"50":0,"51":0,"52":0,"53":0,"54":0,"55":0,"56":0},"branchMap":{"0":{"type":"branch","line":1,"loc":{"start":{"line":1,"column":0},"end":{"line":57,"column":1}},"locations":[{"start":{"line":1,"column":0},"end":{"line":57,"column":1}}]}},"b":{"0":[0]},"fnMap":{"0":{"name":"(empty-report)","decl":{"start":{"line":1,"column":0},"end":{"line":57,"column":1}},"loc":{"start":{"line":1,"column":0},"end":{"line":57,"column":1}},"line":1}},"f":{"0":0}}
,"D:\\Vibe Coding\\technical assessment practice runs\\run 6\\recipe-management-system-vscode-harper-workflow-run-2\\story-starter\\src\\App.vue": {"path":"D:\\Vibe Coding\\technical assessment practice runs\\run 6\\recipe-management-system-vscode-harper-workflow-run-2\\story-starter\\src\\App.vue","all":false,"statementMap":{"1":{"start":{"line":2,"column":0},"end":{"line":2,"column":45}},"2":{"start":{"line":3,"column":0},"end":{"line":3,"column":38}},"3":{"start":{"line":4,"column":0},"end":{"line":4,"column":47}},"4":{"start":{"line":5,"column":0},"end":{"line":5,"column":58}},"5":{"start":{"line":6,"column":0},"end":{"line":6,"column":38}},"8":{"start":{"line":9,"column":0},"end":{"line":9,"column":52}},"12":{"start":{"line":13,"column":0},"end":{"line":13,"column":20}},"13":{"start":{"line":14,"column":0},"end":{"line":14,"column":57}},"16":{"start":{"line":17,"column":0},"end":{"line":17,"column":37}},"17":{"start":{"line":18,"column":0},"end":{"line":18,"column":72}},"20":{"start":{"line":21,"column":0},"end":{"line":21,"column":45}},"23":{"start":{"line":24,"column":0},"end":{"line":24,"column":41}},"24":{"start":{"line":25,"column":0},"end":{"line":25,"column":28}},"25":{"start":{"line":26,"column":0},"end":{"line":26,"column":27}},"26":{"start":{"line":27,"column":0},"end":{"line":27,"column":10}},"28":{"start":{"line":29,"column":0},"end":{"line":29,"column":68}},"29":{"start":{"line":30,"column":0},"end":{"line":30,"column":52}},"30":{"start":{"line":31,"column":0},"end":{"line":31,"column":52}},"31":{"start":{"line":32,"column":0},"end":{"line":32,"column":3}},"32":{"start":{"line":33,"column":0},"end":{"line":33,"column":1}},"35":{"start":{"line":36,"column":0},"end":{"line":36,"column":39}},"36":{"start":{"line":37,"column":0},"end":{"line":37,"column":23}},"37":{"start":{"line":38,"column":0},"end":{"line":38,"column":1}},"40":{"start":{"line":41,"column":0},"end":{"line":41,"column":35}},"41":{"start":{"line":42,"column":0},"end":{"line":42,"column":7}},"42":{"start":{"line":43,"column":0},"end":{"line":43,"column":34}},"43":{"start":{"line":44,"column":0},"end":{"line":44,"column":25}},"44":{"start":{"line":45,"column":0},"end":{"line":45,"column":27}},"45":{"start":{"line":46,"column":0},"end":{"line":46,"column":12}},"46":{"start":{"line":47,"column":0},"end":{"line":47,"column":53}},"47":{"start":{"line":48,"column":0},"end":{"line":48,"column":5}},"48":{"start":{"line":49,"column":0},"end":{"line":49,"column":19}},"49":{"start":{"line":50,"column":0},"end":{"line":50,"column":43}},"50":{"start":{"line":51,"column":0},"end":{"line":51,"column":3}},"51":{"start":{"line":52,"column":0},"end":{"line":52,"column":1}},"55":{"start":{"line":56,"column":0},"end":{"line":56,"column":111}},"56":{"start":{"line":57,"column":0},"end":{"line":57,"column":19}},"57":{"start":{"line":58,"column":0},"end":{"line":58,"column":136}},"58":{"start":{"line":59,"column":0},"end":{"line":59,"column":58}},"59":{"start":{"line":60,"column":0},"end":{"line":60,"column":60}},"60":{"start":{"line":61,"column":0},"end":{"line":61,"column":140}},"61":{"start":{"line":62,"column":0},"end":{"line":62,"column":155}},"62":{"start":{"line":63,"column":0},"end":{"line":63,"column":65}},"63":{"start":{"line":64,"column":0},"end":{"line":64,"column":18}},"64":{"start":{"line":65,"column":0},"end":{"line":65,"column":114}},"65":{"start":{"line":66,"column":0},"end":{"line":66,"column":14}},"67":{"start":{"line":68,"column":0},"end":{"line":68,"column":29}},"68":{"start":{"line":69,"column":0},"end":{"line":69,"column":64}},"69":{"start":{"line":70,"column":0},"end":{"line":70,"column":39}},"70":{"start":{"line":71,"column":0},"end":{"line":71,"column":27}},"71":{"start":{"line":72,"column":0},"end":{"line":72,"column":23}},"72":{"start":{"line":73,"column":0},"end":{"line":73,"column":181}},"73":{"start":{"line":74,"column":0},"end":{"line":74,"column":33}},"75":{"start":{"line":76,"column":0},"end":{"line":76,"column":27}},"76":{"start":{"line":77,"column":0},"end":{"line":77,"column":40}},"77":{"start":{"line":78,"column":0},"end":{"line":78,"column":26}},"78":{"start":{"line":79,"column":0},"end":{"line":79,"column":181}},"79":{"start":{"line":80,"column":0},"end":{"line":80,"column":36}},"81":{"start":{"line":82,"column":0},"end":{"line":82,"column":62}},"82":{"start":{"line":83,"column":0},"end":{"line":83,"column":90}},"83":{"start":{"line":84,"column":0},"end":{"line":84,"column":60}},"84":{"start":{"line":85,"column":0},"end":{"line":85,"column":23}},"85":{"start":{"line":86,"column":0},"end":{"line":86,"column":24}},"86":{"start":{"line":87,"column":0},"end":{"line":87,"column":40}},"87":{"start":{"line":88,"column":0},"end":{"line":88,"column":220}},"88":{"start":{"line":89,"column":0},"end":{"line":89,"column":34}},"89":{"start":{"line":90,"column":0},"end":{"line":90,"column":20}},"91":{"start":{"line":92,"column":0},"end":{"line":92,"column":27}},"92":{"start":{"line":93,"column":0},"end":{"line":93,"column":26}},"93":{"start":{"line":94,"column":0},"end":{"line":94,"column":181}},"94":{"start":{"line":95,"column":0},"end":{"line":95,"column":33}},"95":{"start":{"line":96,"column":0},"end":{"line":96,"column":23}},"96":{"start":{"line":97,"column":0},"end":{"line":97,"column":29}},"97":{"start":{"line":98,"column":0},"end":{"line":98,"column":22}},"98":{"start":{"line":99,"column":0},"end":{"line":99,"column":46}},"99":{"start":{"line":100,"column":0},"end":{"line":100,"column":181}},"100":{"start":{"line":101,"column":0},"end":{"line":101,"column":28}},"101":{"start":{"line":102,"column":0},"end":{"line":102,"column":22}},"102":{"start":{"line":103,"column":0},"end":{"line":103,"column":39}},"103":{"start":{"line":104,"column":0},"end":{"line":104,"column":50}},"104":{"start":{"line":105,"column":0},"end":{"line":105,"column":181}},"105":{"start":{"line":106,"column":0},"end":{"line":106,"column":31}},"106":{"start":{"line":107,"column":0},"end":{"line":107,"column":62}},"107":{"start":{"line":108,"column":0},"end":{"line":108,"column":90}},"108":{"start":{"line":109,"column":0},"end":{"line":109,"column":60}},"109":{"start":{"line":110,"column":0},"end":{"line":110,"column":23}},"110":{"start":{"line":111,"column":0},"end":{"line":111,"column":24}},"111":{"start":{"line":112,"column":0},"end":{"line":112,"column":40}},"112":{"start":{"line":113,"column":0},"end":{"line":113,"column":220}},"113":{"start":{"line":114,"column":0},"end":{"line":114,"column":34}},"114":{"start":{"line":115,"column":0},"end":{"line":115,"column":20}},"115":{"start":{"line":116,"column":0},"end":{"line":116,"column":22}},"116":{"start":{"line":117,"column":0},"end":{"line":117,"column":50}},"117":{"start":{"line":118,"column":0},"end":{"line":118,"column":181}},"118":{"start":{"line":119,"column":0},"end":{"line":119,"column":28}},"119":{"start":{"line":120,"column":0},"end":{"line":120,"column":23}},"120":{"start":{"line":121,"column":0},"end":{"line":121,"column":16}},"121":{"start":{"line":122,"column":0},"end":{"line":122,"column":14}},"122":{"start":{"line":123,"column":0},"end":{"line":123,"column":12}},"123":{"start":{"line":124,"column":0},"end":{"line":124,"column":13}},"125":{"start":{"line":126,"column":0},"end":{"line":126,"column":25}},"126":{"start":{"line":127,"column":0},"end":{"line":127,"column":62}},"127":{"start":{"line":128,"column":0},"end":{"line":128,"column":115}},"128":{"start":{"line":129,"column":0},"end":{"line":129,"column":28}},"129":{"start":{"line":130,"column":0},"end":{"line":130,"column":23}},"130":{"start":{"line":131,"column":0},"end":{"line":131,"column":12}},"132":{"start":{"line":133,"column":0},"end":{"line":133,"column":18}},"133":{"start":{"line":134,"column":0},"end":{"line":134,"column":26}},"134":{"start":{"line":135,"column":0},"end":{"line":135,"column":63}},"135":{"start":{"line":136,"column":0},"end":{"line":136,"column":28}},"136":{"start":{"line":137,"column":0},"end":{"line":137,"column":79}},"137":{"start":{"line":138,"column":0},"end":{"line":138,"column":80}},"138":{"start":{"line":139,"column":0},"end":{"line":139,"column":59}},"139":{"start":{"line":140,"column":0},"end":{"line":140,"column":17}},"140":{"start":{"line":141,"column":0},"end":{"line":141,"column":84}},"141":{"start":{"line":142,"column":0},"end":{"line":142,"column":43}},"143":{"start":{"line":144,"column":0},"end":{"line":144,"column":21}},"144":{"start":{"line":145,"column":0},"end":{"line":145,"column":27}},"146":{"start":{"line":147,"column":0},"end":{"line":147,"column":21}},"147":{"start":{"line":148,"column":0},"end":{"line":148,"column":16}},"148":{"start":{"line":149,"column":0},"end":{"line":149,"column":16}},"150":{"start":{"line":151,"column":0},"end":{"line":151,"column":32}},"177":{"start":{"line":178,"column":0},"end":{"line":178,"column":29}},"178":{"start":{"line":179,"column":0},"end":{"line":179,"column":43}},"179":{"start":{"line":180,"column":0},"end":{"line":180,"column":20}},"180":{"start":{"line":181,"column":0},"end":{"line":181,"column":37}},"181":{"start":{"line":182,"column":0},"end":{"line":182,"column":48}},"182":{"start":{"line":183,"column":0},"end":{"line":183,"column":214}},"183":{"start":{"line":184,"column":0},"end":{"line":184,"column":13}},"185":{"start":{"line":186,"column":0},"end":{"line":186,"column":21}},"186":{"start":{"line":187,"column":0},"end":{"line":187,"column":42}},"187":{"start":{"line":188,"column":0},"end":{"line":188,"column":22}},"188":{"start":{"line":189,"column":0},"end":{"line":189,"column":214}},"189":{"start":{"line":190,"column":0},"end":{"line":190,"column":24}},"190":{"start":{"line":191,"column":0},"end":{"line":191,"column":15}},"192":{"start":{"line":193,"column":0},"end":{"line":193,"column":23}},"193":{"start":{"line":194,"column":0},"end":{"line":194,"column":18}},"194":{"start":{"line":195,"column":0},"end":{"line":195,"column":16}},"195":{"start":{"line":196,"column":0},"end":{"line":196,"column":14}},"197":{"start":{"line":198,"column":0},"end":{"line":198,"column":36}},"198":{"start":{"line":199,"column":0},"end":{"line":199,"column":73}},"199":{"start":{"line":200,"column":0},"end":{"line":200,"column":40}},"200":{"start":{"line":201,"column":0},"end":{"line":201,"column":79}},"202":{"start":{"line":203,"column":0},"end":{"line":203,"column":17}},"203":{"start":{"line":204,"column":0},"end":{"line":204,"column":58}},"205":{"start":{"line":206,"column":0},"end":{"line":206,"column":16}},"206":{"start":{"line":207,"column":0},"end":{"line":207,"column":16}},"208":{"start":{"line":209,"column":0},"end":{"line":209,"column":39}},"209":{"start":{"line":210,"column":0},"end":{"line":210,"column":61}},"210":{"start":{"line":211,"column":0},"end":{"line":211,"column":14}},"212":{"start":{"line":213,"column":0},"end":{"line":213,"column":77}},"213":{"start":{"line":214,"column":0},"end":{"line":214,"column":48}},"262":{"start":{"line":263,"column":0},"end":{"line":263,"column":133}},"263":{"start":{"line":264,"column":0},"end":{"line":264,"column":56}},"264":{"start":{"line":265,"column":0},"end":{"line":265,"column":85}},"265":{"start":{"line":266,"column":0},"end":{"line":266,"column":84}},"266":{"start":{"line":267,"column":0},"end":{"line":267,"column":18}},"267":{"start":{"line":268,"column":0},"end":{"line":268,"column":94}},"268":{"start":{"line":269,"column":0},"end":{"line":269,"column":87}},"269":{"start":{"line":270,"column":0},"end":{"line":270,"column":20}},"270":{"start":{"line":271,"column":0},"end":{"line":271,"column":31}},"271":{"start":{"line":272,"column":0},"end":{"line":272,"column":216}},"272":{"start":{"line":273,"column":0},"end":{"line":273,"column":13}},"274":{"start":{"line":275,"column":0},"end":{"line":275,"column":21}},"275":{"start":{"line":276,"column":0},"end":{"line":276,"column":16}},"276":{"start":{"line":277,"column":0},"end":{"line":277,"column":14}},"277":{"start":{"line":278,"column":0},"end":{"line":278,"column":12}},"278":{"start":{"line":279,"column":0},"end":{"line":279,"column":11}},"280":{"start":{"line":281,"column":0},"end":{"line":281,"column":19}},"281":{"start":{"line":282,"column":0},"end":{"line":282,"column":124}},"282":{"start":{"line":283,"column":0},"end":{"line":283,"column":63}},"283":{"start":{"line":284,"column":0},"end":{"line":284,"column":68}},"284":{"start":{"line":285,"column":0},"end":{"line":285,"column":101}},"285":{"start":{"line":286,"column":0},"end":{"line":286,"column":14}},"286":{"start":{"line":287,"column":0},"end":{"line":287,"column":12}},"287":{"start":{"line":288,"column":0},"end":{"line":288,"column":13}},"288":{"start":{"line":289,"column":0},"end":{"line":289,"column":8}}},"s":{"1":1,"2":1,"3":1,"4":1,"5":1,"8":1,"12":1,"13":1,"16":1,"17":1,"20":1,"23":1,"24":1,"25":0,"26":1,"28":1,"29":1,"30":1,"31":1,"32":1,"35":1,"36":0,"37":0,"40":1,"41":0,"42":0,"43":0,"44":0,"45":0,"46":0,"47":0,"48":0,"49":0,"50":0,"51":0,"55":1,"56":1,"57":1,"58":1,"59":1,"60":1,"61":6,"62":6,"63":6,"64":6,"65":1,"67":1,"68":1,"69":1,"70":1,"71":1,"72":1,"73":1,"75":1,"76":1,"77":1,"78":1,"79":1,"81":1,"82":1,"83":1,"84":1,"85":1,"86":1,"87":1,"88":1,"89":1,"91":1,"92":1,"93":1,"94":1,"95":1,"96":1,"97":1,"98":1,"99":1,"100":1,"101":1,"102":1,"103":1,"104":1,"105":1,"106":0,"107":0,"108":0,"109":0,"110":0,"111":0,"112":0,"113":0,"114":1,"115":1,"116":1,"117":1,"118":1,"119":1,"120":1,"121":1,"122":1,"123":1,"125":1,"126":1,"127":1,"128":1,"129":0,"130":1,"132":1,"133":1,"134":1,"135":6,"136":6,"137":6,"138":6,"139":6,"140":6,"141":6,"143":6,"144":6,"146":6,"147":6,"148":6,"150":6,"177":6,"178":6,"179":6,"180":6,"181":6,"182":6,"183":6,"185":6,"186":0,"187":0,"188":0,"189":0,"190":0,"192":0,"193":6,"194":6,"195":6,"197":6,"198":1,"199":0,"200":0,"202":0,"203":0,"205":0,"206":0,"208":0,"209":0,"210":0,"212":0,"213":1,"262":1,"263":1,"264":1,"265":1,"266":1,"267":1,"268":1,"269":1,"270":1,"271":1,"272":1,"274":1,"275":1,"276":1,"277":1,"278":1,"280":1,"281":1,"282":1,"283":1,"284":1,"285":1,"286":1,"287":1,"288":1},"branchMap":{"0":{"type":"branch","line":21,"loc":{"start":{"line":21,"column":15},"end":{"line":21,"column":41}},"locations":[{"start":{"line":21,"column":15},"end":{"line":21,"column":41}}]},"1":{"type":"branch","line":24,"loc":{"start":{"line":24,"column":0},"end":{"line":33,"column":1}},"locations":[{"start":{"line":24,"column":0},"end":{"line":33,"column":1}}]},"2":{"type":"branch","line":25,"loc":{"start":{"line":25,"column":6},"end":{"line":25,"column":27}},"locations":[{"start":{"line":25,"column":6},"end":{"line":25,"column":27}}]},"3":{"type":"branch","line":25,"loc":{"start":{"line":25,"column":27},"end":{"line":27,"column":9}},"locations":[{"start":{"line":25,"column":27},"end":{"line":27,"column":9}}]},"4":{"type":"branch","line":29,"loc":{"start":{"line":29,"column":42},"end":{"line":29,"column":68}},"locations":[{"start":{"line":29,"column":42},"end":{"line":29,"column":68}}]},"5":{"type":"branch","line":30,"loc":{"start":{"line":30,"column":26},"end":{"line":30,"column":52}},"locations":[{"start":{"line":30,"column":26},"end":{"line":30,"column":52}}]},"6":{"type":"branch","line":61,"loc":{"start":{"line":61,"column":71},"end":{"line":61,"column":104}},"locations":[{"start":{"line":61,"column":71},"end":{"line":61,"column":104}}]},"7":{"type":"branch","line":61,"loc":{"start":{"line":61,"column":133},"end":{"line":65,"column":114}},"locations":[{"start":{"line":61,"column":133},"end":{"line":65,"column":114}}]},"8":{"type":"branch","line":104,"loc":{"start":{"line":104,"column":22},"end":{"line":104,"column":50}},"locations":[{"start":{"line":104,"column":22},"end":{"line":104,"column":50}}]},"9":{"type":"branch","line":106,"loc":{"start":{"line":106,"column":22},"end":{"line":114,"column":34}},"locations":[{"start":{"line":106,"column":22},"end":{"line":114,"column":34}}]},"10":{"type":"branch","line":129,"loc":{"start":{"line":129,"column":17},"end":{"line":130,"column":23}},"locations":[{"start":{"line":129,"column":17},"end":{"line":130,"column":23}}]},"11":{"type":"branch","line":135,"loc":{"start":{"line":135,"column":30},"end":{"line":199,"column":35}},"locations":[{"start":{"line":135,"column":30},"end":{"line":199,"column":35}}]},"12":{"type":"branch","line":186,"loc":{"start":{"line":186,"column":12},"end":{"line":193,"column":23}},"locations":[{"start":{"line":186,"column":12},"end":{"line":193,"column":23}}]},"13":{"type":"branch","line":199,"loc":{"start":{"line":199,"column":35},"end":{"line":214,"column":35}},"locations":[{"start":{"line":199,"column":35},"end":{"line":214,"column":35}}]}},"b":{"0":[0],"1":[1],"2":[0],"3":[0],"4":[0],"5":[0],"6":[6],"7":[6],"8":[6],"9":[0],"10":[0],"11":[6],"12":[0],"13":[0]},"fnMap":{"0":{"name":"navigateTo","decl":{"start":{"line":24,"column":0},"end":{"line":33,"column":1}},"loc":{"start":{"line":24,"column":0},"end":{"line":33,"column":1}},"line":24},"1":{"name":"handleAuthSuccess","decl":{"start":{"line":36,"column":26},"end":{"line":38,"column":1}},"loc":{"start":{"line":36,"column":26},"end":{"line":38,"column":1}},"line":36},"2":{"name":"handleSignOut","decl":{"start":{"line":41,"column":22},"end":{"line":52,"column":1}},"loc":{"start":{"line":41,"column":22},"end":{"line":52,"column":1}},"line":41},"3":{"name":"$setup.hasRouter.$setup.isAuthenticated.onClick._cache.<computed>._cache.<computed>","decl":{"start":{"line":104,"column":22},"end":{"line":104,"column":50}},"loc":{"start":{"line":104,"column":22},"end":{"line":104,"column":50}},"line":104},"4":{"name":"$setup.hasRouter.$setup.currentView.$setup.isAuthenticated.onClick._cache.<computed>._cache.<computed>","decl":{"start":{"line":182,"column":20},"end":{"line":182,"column":48}},"loc":{"start":{"line":182,"column":20},"end":{"line":182,"column":48}},"line":182}},"f":{"0":1,"1":0,"2":0,"3":0,"4":0}}
,"D:\\Vibe Coding\\technical assessment practice runs\\run 6\\recipe-management-system-vscode-harper-workflow-run-2\\story-starter\\src\\main.ts": {"path":"D:\\Vibe Coding\\technical assessment practice runs\\run 6\\recipe-management-system-vscode-harper-workflow-run-2\\story-starter\\src\\main.ts","all":true,"statementMap":{"0":{"start":{"line":1,"column":0},"end":{"line":1,"column":31}},"1":{"start":{"line":2,"column":0},"end":{"line":2,"column":20}},"2":{"start":{"line":3,"column":0},"end":{"line":3,"column":27}},"3":{"start":{"line":4,"column":0},"end":{"line":4,"column":52}},"4":{"start":{"line":5,"column":0},"end":{"line":5,"column":41}},"5":{"start":{"line":6,"column":0},"end":{"line":6,"column":0}},"6":{"start":{"line":7,"column":0},"end":{"line":7,"column":93}},"7":{"start":{"line":8,"column":0},"end":{"line":8,"column":28}},"8":{"start":{"line":9,"column":0},"end":{"line":9,"column":43}},"9":{"start":{"line":10,"column":0},"end":{"line":10,"column":60}},"10":{"start":{"line":11,"column":0},"end":{"line":11,"column":38}},"11":{"start":{"line":12,"column":0},"end":{"line":12,"column":58}},"12":{"start":{"line":13,"column":0},"end":{"line":13,"column":60}},"13":{"start":{"line":14,"column":0},"end":{"line":14,"column":58}},"14":{"start":{"line":15,"column":0},"end":{"line":15,"column":1}},"15":{"start":{"line":16,"column":0},"end":{"line":16,"column":0}},"16":{"start":{"line":17,"column":0},"end":{"line":17,"column":41}},"17":{"start":{"line":18,"column":0},"end":{"line":18,"column":7}},"18":{"start":{"line":19,"column":0},"end":{"line":19,"column":43}},"19":{"start":{"line":20,"column":0},"end":{"line":20,"column":47}},"20":{"start":{"line":21,"column":0},"end":{"line":21,"column":49}},"21":{"start":{"line":22,"column":0},"end":{"line":22,"column":29}},"22":{"start":{"line":23,"column":0},"end":{"line":23,"column":0}},"23":{"start":{"line":24,"column":0},"end":{"line":24,"column":42}},"24":{"start":{"line":25,"column":0},"end":{"line":25,"column":62}},"25":{"start":{"line":26,"column":0},"end":{"line":26,"column":23}},"26":{"start":{"line":27,"column":0},"end":{"line":27,"column":63}},"27":{"start":{"line":28,"column":0},"end":{"line":28,"column":66}},"28":{"start":{"line":29,"column":0},"end":{"line":29,"column":35}},"29":{"start":{"line":30,"column":0},"end":{"line":30,"column":35}},"30":{"start":{"line":31,"column":0},"end":{"line":31,"column":12}},"31":{"start":{"line":32,"column":0},"end":{"line":32,"column":59}},"32":{"start":{"line":33,"column":0},"end":{"line":33,"column":80}},"33":{"start":{"line":34,"column":0},"end":{"line":34,"column":5}},"34":{"start":{"line":35,"column":0},"end":{"line":35,"column":0}},"35":{"start":{"line":36,"column":0},"end":{"line":36,"column":74}},"36":{"start":{"line":37,"column":0},"end":{"line":37,"column":143}},"37":{"start":{"line":38,"column":0},"end":{"line":38,"column":94}},"38":{"start":{"line":39,"column":0},"end":{"line":39,"column":53}},"39":{"start":{"line":40,"column":0},"end":{"line":40,"column":52}},"40":{"start":{"line":41,"column":0},"end":{"line":41,"column":0}},"41":{"start":{"line":42,"column":0},"end":{"line":42,"column":82}},"42":{"start":{"line":43,"column":0},"end":{"line":43,"column":9}},"43":{"start":{"line":44,"column":0},"end":{"line":44,"column":46}},"44":{"start":{"line":45,"column":0},"end":{"line":45,"column":18}},"45":{"start":{"line":46,"column":0},"end":{"line":46,"column":15}},"46":{"start":{"line":47,"column":0},"end":{"line":47,"column":5}},"47":{"start":{"line":48,"column":0},"end":{"line":48,"column":0}},"48":{"start":{"line":49,"column":0},"end":{"line":49,"column":87}},"49":{"start":{"line":50,"column":0},"end":{"line":50,"column":65}},"50":{"start":{"line":51,"column":0},"end":{"line":51,"column":0}},"51":{"start":{"line":52,"column":0},"end":{"line":52,"column":95}},"52":{"start":{"line":53,"column":0},"end":{"line":53,"column":22}},"53":{"start":{"line":54,"column":0},"end":{"line":54,"column":11}},"54":{"start":{"line":55,"column":0},"end":{"line":55,"column":34}},"55":{"start":{"line":56,"column":0},"end":{"line":56,"column":101}},"56":{"start":{"line":57,"column":0},"end":{"line":57,"column":50}},"57":{"start":{"line":58,"column":0},"end":{"line":58,"column":71}},"58":{"start":{"line":59,"column":0},"end":{"line":59,"column":9}},"59":{"start":{"line":60,"column":0},"end":{"line":60,"column":20}},"60":{"start":{"line":61,"column":0},"end":{"line":61,"column":17}},"61":{"start":{"line":62,"column":0},"end":{"line":62,"column":7}},"62":{"start":{"line":63,"column":0},"end":{"line":63,"column":11}},"63":{"start":{"line":64,"column":0},"end":{"line":64,"column":15}},"64":{"start":{"line":65,"column":0},"end":{"line":65,"column":47}},"65":{"start":{"line":66,"column":0},"end":{"line":66,"column":46}},"66":{"start":{"line":67,"column":0},"end":{"line":67,"column":3}},"67":{"start":{"line":68,"column":0},"end":{"line":68,"column":1}},"68":{"start":{"line":69,"column":0},"end":{"line":69,"column":0}},"69":{"start":{"line":70,"column":0},"end":{"line":70,"column":60}},"70":{"start":{"line":71,"column":0},"end":{"line":71,"column":42}},"71":{"start":{"line":72,"column":0},"end":{"line":72,"column":26}},"72":{"start":{"line":73,"column":0},"end":{"line":73,"column":98}},"73":{"start":{"line":74,"column":0},"end":{"line":74,"column":42}},"74":{"start":{"line":75,"column":0},"end":{"line":75,"column":2}}},"s":{"0":0,"1":0,"2":0,"3":0,"4":0,"5":0,"6":0,"7":0,"8":0,"9":0,"10":0,"11":0,"12":0,"13":0,"14":0,"15":0,"16":0,"17":0,"18":0,"19":0,"20":0,"21":0,"22":0,"23":0,"24":0,"25":0,"26":0,"27":0,"28":0,"29":0,"30":0,"31":0,"32":0,"33":0,"34":0,"35":0,"36":0,"37":0,"38":0,"39":0,"40":0,"41":0,"42":0,"43":0,"44":0,"45":0,"46":0,"47":0,"48":0,"49":0,"50":0,"51":0,"52":0,"53":0,"54":0,"55":0,"56":0,"57":0,"58":0,"59":0,"60":0,"61":0,"62":0,"63":0,"64":0,"65":0,"66":0,"67":0,"68":0,"69":0,"70":0,"71":0,"72":0,"73":0,"74":0},"branchMap":{"0":{"type":"branch","line":1,"loc":{"start":{"line":1,"column":0},"end":{"line":75,"column":2}},"locations":[{"start":{"line":1,"column":0},"end":{"line":75,"column":2}}]}},"b":{"0":[0]},"fnMap":{"0":{"name":"(empty-report)","decl":{"start":{"line":1,"column":0},"end":{"line":75,"column":2}},"loc":{"start":{"line":1,"column":0},"end":{"line":75,"column":2}},"line":1}},"f":{"0":0}}
,"D:\\Vibe Coding\\technical assessment practice runs\\run 6\\recipe-management-system-vscode-harper-workflow-run-2\\story-starter\\src\\components\\AuthContainer.vue": {"path":"D:\\Vibe Coding\\technical assessment practice runs\\run 6\\recipe-management-system-vscode-harper-workflow-run-2\\story-starter\\src\\components\\AuthContainer.vue","all":false,"statementMap":{"1":{"start":{"line":2,"column":0},"end":{"line":2,"column":72}},"2":{"start":{"line":3,"column":0},"end":{"line":3,"column":33}},"3":{"start":{"line":4,"column":0},"end":{"line":4,"column":18}},"4":{"start":{"line":5,"column":0},"end":{"line":5,"column":25}},"5":{"start":{"line":6,"column":0},"end":{"line":6,"column":21}},"6":{"start":{"line":7,"column":0},"end":{"line":7,"column":65}},"7":{"start":{"line":8,"column":0},"end":{"line":8,"column":64}},"8":{"start":{"line":9,"column":0},"end":{"line":9,"column":60}},"9":{"start":{"line":10,"column":0},"end":{"line":10,"column":60}},"10":{"start":{"line":11,"column":0},"end":{"line":11,"column":62}},"11":{"start":{"line":12,"column":0},"end":{"line":12,"column":58}},"13":{"start":{"line":14,"column":0},"end":{"line":14,"column":19}},"14":{"start":{"line":15,"column":0},"end":{"line":15,"column":41}},"15":{"start":{"line":16,"column":0},"end":{"line":16,"column":44}},"16":{"start":{"line":17,"column":0},"end":{"line":17,"column":32}},"17":{"start":{"line":18,"column":0},"end":{"line":18,"column":10}},"18":{"start":{"line":19,"column":0},"end":{"line":19,"column":19}},"20":{"start":{"line":21,"column":0},"end":{"line":21,"column":44}},"21":{"start":{"line":22,"column":0},"end":{"line":22,"column":32}},"22":{"start":{"line":23,"column":0},"end":{"line":23,"column":10}},"23":{"start":{"line":24,"column":0},"end":{"line":24,"column":19}},"24":{"start":{"line":25,"column":0},"end":{"line":25,"column":10}},"25":{"start":{"line":26,"column":0},"end":{"line":26,"column":8}},"29":{"start":{"line":30,"column":0},"end":{"line":30,"column":25}},"30":{"start":{"line":31,"column":0},"end":{"line":31,"column":52}},"31":{"start":{"line":32,"column":0},"end":{"line":32,"column":52}},"34":{"start":{"line":35,"column":0},"end":{"line":35,"column":54}},"37":{"start":{"line":38,"column":0},"end":{"line":38,"column":30}},"38":{"start":{"line":39,"column":0},"end":{"line":39,"column":30}},"39":{"start":{"line":40,"column":0},"end":{"line":40,"column":1}},"41":{"start":{"line":42,"column":0},"end":{"line":42,"column":30}},"42":{"start":{"line":43,"column":0},"end":{"line":43,"column":30}},"43":{"start":{"line":44,"column":0},"end":{"line":44,"column":1}},"46":{"start":{"line":47,"column":0},"end":{"line":47,"column":28}},"48":{"start":{"line":49,"column":0},"end":{"line":49,"column":1}},"50":{"start":{"line":51,"column":0},"end":{"line":51,"column":28}},"52":{"start":{"line":53,"column":0},"end":{"line":53,"column":1}}},"s":{"1":1,"2":1,"3":1,"4":1,"5":1,"6":1,"7":1,"8":1,"9":1,"10":1,"11":1,"13":1,"14":1,"15":1,"16":1,"17":1,"18":1,"20":1,"21":1,"22":1,"23":1,"24":1,"25":1,"29":1,"30":1,"31":1,"34":1,"37":1,"38":1,"39":1,"41":1,"42":0,"43":0,"46":1,"48":0,"50":1,"52":0},"branchMap":{"0":{"type":"branch","line":38,"loc":{"start":{"line":38,"column":23},"end":{"line":40,"column":1}},"locations":[{"start":{"line":38,"column":23},"end":{"line":40,"column":1}}]},"1":{"type":"branch","line":17,"loc":{"start":{"line":17,"column":19},"end":{"line":22,"column":32}},"locations":[{"start":{"line":17,"column":19},"end":{"line":22,"column":32}}]}},"b":{"0":[1],"1":[1]},"fnMap":{"0":{"name":"switchToSignUp","decl":{"start":{"line":38,"column":23},"end":{"line":40,"column":1}},"loc":{"start":{"line":38,"column":23},"end":{"line":40,"column":1}},"line":38},"1":{"name":"switchToSignIn","decl":{"start":{"line":42,"column":23},"end":{"line":44,"column":1}},"loc":{"start":{"line":42,"column":23},"end":{"line":44,"column":1}},"line":42},"2":{"name":"handleSignIn","decl":{"start":{"line":47,"column":21},"end":{"line":49,"column":1}},"loc":{"start":{"line":47,"column":21},"end":{"line":49,"column":1}},"line":47},"3":{"name":"handleSignUp","decl":{"start":{"line":51,"column":21},"end":{"line":53,"column":1}},"loc":{"start":{"line":51,"column":21},"end":{"line":53,"column":1}},"line":51}},"f":{"0":1,"1":0,"2":0,"3":0}}
,"D:\\Vibe Coding\\technical assessment practice runs\\run 6\\recipe-management-system-vscode-harper-workflow-run-2\\story-starter\\src\\components\\HelloWorld.vue": {"path":"D:\\Vibe Coding\\technical assessment practice runs\\run 6\\recipe-management-system-vscode-harper-workflow-run-2\\story-starter\\src\\components\\HelloWorld.vue","all":true,"statementMap":{"0":{"start":{"line":1,"column":0},"end":{"line":1,"column":24}},"1":{"start":{"line":2,"column":0},"end":{"line":2,"column":25}},"2":{"start":{"line":3,"column":0},"end":{"line":3,"column":0}},"3":{"start":{"line":4,"column":0},"end":{"line":4,"column":30}},"4":{"start":{"line":5,"column":0},"end":{"line":5,"column":0}},"5":{"start":{"line":6,"column":0},"end":{"line":6,"column":20}},"6":{"start":{"line":7,"column":0},"end":{"line":7,"column":9}},"7":{"start":{"line":8,"column":0},"end":{"line":8,"column":0}},"8":{"start":{"line":9,"column":0},"end":{"line":9,"column":10}},"9":{"start":{"line":10,"column":0},"end":{"line":10,"column":63}},"10":{"start":{"line":11,"column":0},"end":{"line":11,"column":0}},"11":{"start":{"line":12,"column":0},"end":{"line":12,"column":47}},"12":{"start":{"line":13,"column":0},"end":{"line":13,"column":12}},"13":{"start":{"line":14,"column":0},"end":{"line":14,"column":20}},"14":{"start":{"line":15,"column":0},"end":{"line":15,"column":23}},"15":{"start":{"line":16,"column":0},"end":{"line":16,"column":125}},"16":{"start":{"line":17,"column":0},"end":{"line":17,"column":5}},"17":{"start":{"line":18,"column":0},"end":{"line":18,"column":26}},"18":{"start":{"line":19,"column":0},"end":{"line":19,"column":13}},"19":{"start":{"line":20,"column":0},"end":{"line":20,"column":29}},"20":{"start":{"line":21,"column":0},"end":{"line":21,"column":10}},"21":{"start":{"line":22,"column":0},"end":{"line":22,"column":109}},"22":{"start":{"line":23,"column":0},"end":{"line":23,"column":8}},"23":{"start":{"line":24,"column":0},"end":{"line":24,"column":8}},"24":{"start":{"line":25,"column":0},"end":{"line":25,"column":0}},"25":{"start":{"line":26,"column":0},"end":{"line":26,"column":32}},"26":{"start":{"line":27,"column":0},"end":{"line":27,"column":13}},"27":{"start":{"line":28,"column":0},"end":{"line":28,"column":7}},"28":{"start":{"line":29,"column":0},"end":{"line":29,"column":60}},"29":{"start":{"line":30,"column":0},"end":{"line":30,"column":21}},"30":{"start":{"line":31,"column":0},"end":{"line":31,"column":75}},"31":{"start":{"line":32,"column":0},"end":{"line":32,"column":52}},"32":{"start":{"line":33,"column":0},"end":{"line":33,"column":6}},"33":{"start":{"line":34,"column":0},"end":{"line":34,"column":32}},"34":{"start":{"line":35,"column":0},"end":{"line":35,"column":47}},"35":{"start":{"line":36,"column":0},"end":{"line":36,"column":6}},"36":{"start":{"line":37,"column":0},"end":{"line":37,"column":72}},"37":{"start":{"line":38,"column":0},"end":{"line":38,"column":21}},"38":{"start":{"line":39,"column":0},"end":{"line":39,"column":75}},"39":{"start":{"line":40,"column":0},"end":{"line":40,"column":35}},"40":{"start":{"line":41,"column":0},"end":{"line":41,"column":6}},"41":{"start":{"line":42,"column":0},"end":{"line":42,"column":84}},"42":{"start":{"line":43,"column":0},"end":{"line":43,"column":11}}},"s":{"0":0,"1":0,"2":0,"3":0,"4":0,"5":0,"6":0,"7":0,"8":0,"9":0,"10":0,"11":0,"12":0,"13":0,"14":0,"15":0,"16":0,"17":0,"18":0,"19":0,"20":0,"21":0,"22":0,"23":0,"24":0,"25":0,"26":0,"27":0,"28":0,"29":0,"30":0,"31":0,"32":0,"33":0,"34":0,"35":0,"36":0,"37":0,"38":0,"39":0,"40":0,"41":0,"42":0},"branchMap":{"0":{"type":"branch","line":1,"loc":{"start":{"line":1,"column":0},"end":{"line":43,"column":11}},"locations":[{"start":{"line":1,"column":0},"end":{"line":43,"column":11}}]}},"b":{"0":[0]},"fnMap":{"0":{"name":"(empty-report)","decl":{"start":{"line":1,"column":0},"end":{"line":43,"column":11}},"loc":{"start":{"line":1,"column":0},"end":{"line":43,"column":11}},"line":1}},"f":{"0":0}}
,"D:\\Vibe Coding\\technical assessment practice runs\\run 6\\recipe-management-system-vscode-harper-workflow-run-2\\story-starter\\src\\components\\ResendVerification.vue": {"path":"D:\\Vibe Coding\\technical assessment practice runs\\run 6\\recipe-management-system-vscode-harper-workflow-run-2\\story-starter\\src\\components\\ResendVerification.vue","all":false,"statementMap":{"1":{"start":{"line":2,"column":0},"end":{"line":2,"column":7}},"2":{"start":{"line":3,"column":0},"end":{"line":3,"column":30}},"3":{"start":{"line":4,"column":0},"end":{"line":4,"column":37}},"4":{"start":{"line":5,"column":0},"end":{"line":5,"column":13}},"5":{"start":{"line":6,"column":0},"end":{"line":6,"column":41}},"6":{"start":{"line":7,"column":0},"end":{"line":7,"column":29}},"7":{"start":{"line":8,"column":0},"end":{"line":8,"column":178}},"8":{"start":{"line":9,"column":0},"end":{"line":9,"column":21}},"10":{"start":{"line":11,"column":0},"end":{"line":11,"column":46}},"11":{"start":{"line":12,"column":0},"end":{"line":12,"column":53}},"12":{"start":{"line":13,"column":0},"end":{"line":13,"column":15}},"13":{"start":{"line":14,"column":0},"end":{"line":14,"column":10}},"15":{"start":{"line":16,"column":0},"end":{"line":16,"column":92}},"16":{"start":{"line":17,"column":0},"end":{"line":17,"column":89}},"17":{"start":{"line":18,"column":0},"end":{"line":18,"column":8}},"21":{"start":{"line":22,"column":0},"end":{"line":22,"column":52}},"22":{"start":{"line":23,"column":0},"end":{"line":23,"column":47}},"24":{"start":{"line":25,"column":0},"end":{"line":25,"column":46}},"26":{"start":{"line":27,"column":0},"end":{"line":27,"column":45}},"28":{"start":{"line":29,"column":0},"end":{"line":29,"column":28}},"29":{"start":{"line":30,"column":0},"end":{"line":30,"column":27}},"30":{"start":{"line":31,"column":0},"end":{"line":31,"column":23}},"31":{"start":{"line":32,"column":0},"end":{"line":32,"column":23}},"32":{"start":{"line":33,"column":0},"end":{"line":33,"column":41}},"33":{"start":{"line":34,"column":0},"end":{"line":34,"column":31}},"36":{"start":{"line":37,"column":0},"end":{"line":37,"column":39}},"37":{"start":{"line":38,"column":0},"end":{"line":38,"column":23}},"38":{"start":{"line":39,"column":0},"end":{"line":39,"column":79}},"39":{"start":{"line":40,"column":0},"end":{"line":40,"column":39}},"40":{"start":{"line":41,"column":0},"end":{"line":41,"column":3}},"41":{"start":{"line":42,"column":0},"end":{"line":42,"column":28}},"42":{"start":{"line":43,"column":0},"end":{"line":43,"column":2}},"44":{"start":{"line":45,"column":0},"end":{"line":45,"column":37}},"45":{"start":{"line":46,"column":0},"end":{"line":46,"column":88}},"46":{"start":{"line":47,"column":0},"end":{"line":47,"column":2}},"48":{"start":{"line":49,"column":0},"end":{"line":49,"column":23}},"49":{"start":{"line":50,"column":0},"end":{"line":50,"column":23}},"50":{"start":{"line":51,"column":0},"end":{"line":51,"column":24}},"51":{"start":{"line":52,"column":0},"end":{"line":52,"column":16}},"52":{"start":{"line":53,"column":0},"end":{"line":53,"column":3}},"53":{"start":{"line":54,"column":0},"end":{"line":54,"column":1}},"55":{"start":{"line":56,"column":0},"end":{"line":56,"column":26}},"56":{"start":{"line":57,"column":0},"end":{"line":57,"column":27}},"57":{"start":{"line":58,"column":0},"end":{"line":58,"column":26}},"58":{"start":{"line":59,"column":0},"end":{"line":59,"column":62}},"59":{"start":{"line":60,"column":0},"end":{"line":60,"column":12}},"61":{"start":{"line":62,"column":0},"end":{"line":62,"column":24}},"62":{"start":{"line":63,"column":0},"end":{"line":63,"column":5}},"63":{"start":{"line":64,"column":0},"end":{"line":64,"column":10}},"64":{"start":{"line":65,"column":0},"end":{"line":65,"column":22}},"65":{"start":{"line":66,"column":0},"end":{"line":66,"column":3}},"66":{"start":{"line":67,"column":0},"end":{"line":67,"column":1}},"68":{"start":{"line":69,"column":0},"end":{"line":69,"column":41}},"69":{"start":{"line":70,"column":0},"end":{"line":70,"column":51}},"70":{"start":{"line":71,"column":0},"end":{"line":71,"column":23}},"71":{"start":{"line":72,"column":0},"end":{"line":72,"column":17}},"73":{"start":{"line":74,"column":0},"end":{"line":74,"column":14}},"74":{"start":{"line":75,"column":0},"end":{"line":75,"column":36}},"75":{"start":{"line":76,"column":0},"end":{"line":76,"column":29}},"76":{"start":{"line":77,"column":0},"end":{"line":77,"column":25}},"77":{"start":{"line":78,"column":0},"end":{"line":78,"column":21}},"78":{"start":{"line":79,"column":0},"end":{"line":79,"column":12}},"79":{"start":{"line":80,"column":0},"end":{"line":80,"column":18}},"80":{"start":{"line":81,"column":0},"end":{"line":81,"column":28}},"81":{"start":{"line":82,"column":0},"end":{"line":82,"column":24}},"82":{"start":{"line":83,"column":0},"end":{"line":83,"column":27}},"83":{"start":{"line":84,"column":0},"end":{"line":84,"column":5}},"84":{"start":{"line":85,"column":0},"end":{"line":85,"column":10}},"85":{"start":{"line":86,"column":0},"end":{"line":86,"column":1}},"87":{"start":{"line":88,"column":0},"end":{"line":88,"column":31}},"88":{"start":{"line":89,"column":0},"end":{"line":89,"column":26}},"89":{"start":{"line":90,"column":0},"end":{"line":90,"column":24}},"90":{"start":{"line":91,"column":0},"end":{"line":91,"column":23}},"91":{"start":{"line":92,"column":0},"end":{"line":92,"column":20}},"93":{"start":{"line":94,"column":0},"end":{"line":94,"column":7}},"94":{"start":{"line":95,"column":0},"end":{"line":95,"column":66}},"97":{"start":{"line":98,"column":0},"end":{"line":98,"column":65}},"99":{"start":{"line":100,"column":0},"end":{"line":100,"column":26}},"101":{"start":{"line":102,"column":0},"end":{"line":102,"column":66}},"102":{"start":{"line":103,"column":0},"end":{"line":103,"column":26}},"103":{"start":{"line":104,"column":0},"end":{"line":104,"column":12}},"105":{"start":{"line":106,"column":0},"end":{"line":106,"column":55}},"106":{"start":{"line":107,"column":0},"end":{"line":107,"column":26}},"107":{"start":{"line":108,"column":0},"end":{"line":108,"column":5}},"108":{"start":{"line":109,"column":0},"end":{"line":109,"column":22}},"109":{"start":{"line":110,"column":0},"end":{"line":110,"column":52}},"111":{"start":{"line":112,"column":0},"end":{"line":112,"column":21}},"112":{"start":{"line":113,"column":0},"end":{"line":113,"column":13}},"113":{"start":{"line":114,"column":0},"end":{"line":114,"column":27}},"114":{"start":{"line":115,"column":0},"end":{"line":115,"column":3}},"115":{"start":{"line":116,"column":0},"end":{"line":116,"column":1}},"117":{"start":{"line":118,"column":0},"end":{"line":118,"column":23}},"118":{"start":{"line":119,"column":0},"end":{"line":119,"column":14}},"119":{"start":{"line":120,"column":0},"end":{"line":120,"column":2}}},"s":{"1":1,"2":1,"3":1,"4":1,"5":1,"6":1,"7":1,"8":1,"10":1,"11":5,"12":1,"13":1,"15":1,"16":1,"17":1,"21":1,"22":1,"24":1,"26":1,"28":1,"29":1,"30":1,"31":1,"32":1,"33":1,"36":1,"37":5,"38":1,"39":1,"40":1,"41":5,"42":1,"44":1,"45":2,"46":1,"48":2,"49":2,"50":0,"51":0,"52":0,"53":2,"55":2,"56":2,"57":2,"58":1,"59":1,"61":1,"62":1,"63":2,"64":0,"65":0,"66":2,"68":2,"69":2,"70":2,"71":2,"73":2,"74":2,"75":0,"76":0,"77":0,"78":0,"79":0,"80":0,"81":0,"82":0,"83":0,"84":2,"85":2,"87":2,"88":2,"89":2,"90":2,"91":2,"93":2,"94":2,"97":2,"99":2,"101":1,"102":1,"103":1,"105":1,"106":1,"107":1,"108":2,"109":0,"111":0,"112":2,"113":2,"114":2,"115":2,"117":1,"118":0,"119":1},"branchMap":{"0":{"type":"branch","line":37,"loc":{"start":{"line":37,"column":32},"end":{"line":43,"column":1}},"locations":[{"start":{"line":37,"column":32},"end":{"line":43,"column":1}}]},"1":{"type":"branch","line":38,"loc":{"start":{"line":38,"column":22},"end":{"line":41,"column":3}},"locations":[{"start":{"line":38,"column":22},"end":{"line":41,"column":3}}]},"2":{"type":"branch","line":39,"loc":{"start":{"line":39,"column":71},"end":{"line":39,"column":79}},"locations":[{"start":{"line":39,"column":71},"end":{"line":39,"column":79}}]},"3":{"type":"branch","line":41,"loc":{"start":{"line":41,"column":2},"end":{"line":42,"column":26}},"locations":[{"start":{"line":41,"column":2},"end":{"line":42,"column":26}}]},"4":{"type":"branch","line":42,"loc":{"start":{"line":42,"column":17},"end":{"line":42,"column":28}},"locations":[{"start":{"line":42,"column":17},"end":{"line":42,"column":28}}]},"5":{"type":"branch","line":45,"loc":{"start":{"line":45,"column":30},"end":{"line":47,"column":1}},"locations":[{"start":{"line":45,"column":30},"end":{"line":47,"column":1}}]},"6":{"type":"branch","line":46,"loc":{"start":{"line":46,"column":18},"end":{"line":46,"column":60}},"locations":[{"start":{"line":46,"column":18},"end":{"line":46,"column":60}}]},"7":{"type":"branch","line":46,"loc":{"start":{"line":46,"column":26},"end":{"line":46,"column":88}},"locations":[{"start":{"line":46,"column":26},"end":{"line":46,"column":88}}]},"8":{"type":"branch","line":49,"loc":{"start":{"line":49,"column":0},"end":{"line":54,"column":1}},"locations":[{"start":{"line":49,"column":0},"end":{"line":54,"column":1}}]},"9":{"type":"branch","line":50,"loc":{"start":{"line":50,"column":22},"end":{"line":53,"column":3}},"locations":[{"start":{"line":50,"column":22},"end":{"line":53,"column":3}}]},"10":{"type":"branch","line":56,"loc":{"start":{"line":56,"column":0},"end":{"line":67,"column":1}},"locations":[{"start":{"line":56,"column":0},"end":{"line":67,"column":1}}]},"11":{"type":"branch","line":58,"loc":{"start":{"line":58,"column":25},"end":{"line":63,"column":5}},"locations":[{"start":{"line":58,"column":25},"end":{"line":63,"column":5}}]},"12":{"type":"branch","line":64,"loc":{"start":{"line":64,"column":2},"end":{"line":66,"column":3}},"locations":[{"start":{"line":64,"column":2},"end":{"line":66,"column":3}}]},"13":{"type":"branch","line":69,"loc":{"start":{"line":69,"column":0},"end":{"line":86,"column":1}},"locations":[{"start":{"line":69,"column":0},"end":{"line":86,"column":1}}]},"14":{"type":"branch","line":88,"loc":{"start":{"line":88,"column":0},"end":{"line":116,"column":1}},"locations":[{"start":{"line":88,"column":0},"end":{"line":116,"column":1}}]},"15":{"type":"branch","line":89,"loc":{"start":{"line":89,"column":20},"end":{"line":89,"column":26}},"locations":[{"start":{"line":89,"column":20},"end":{"line":89,"column":26}}]},"16":{"type":"branch","line":98,"loc":{"start":{"line":98,"column":26},"end":{"line":98,"column":63}},"locations":[{"start":{"line":98,"column":26},"end":{"line":98,"column":63}}]},"17":{"type":"branch","line":98,"loc":{"start":{"line":98,"column":48},"end":{"line":98,"column":65}},"locations":[{"start":{"line":98,"column":48},"end":{"line":98,"column":65}}]},"18":{"type":"branch","line":100,"loc":{"start":{"line":100,"column":25},"end":{"line":108,"column":5}},"locations":[{"start":{"line":100,"column":25},"end":{"line":108,"column":5}}]},"19":{"type":"branch","line":106,"loc":{"start":{"line":106,"column":31},"end":{"line":106,"column":55}},"locations":[{"start":{"line":106,"column":31},"end":{"line":106,"column":55}}]},"20":{"type":"branch","line":109,"loc":{"start":{"line":109,"column":2},"end":{"line":113,"column":4}},"locations":[{"start":{"line":109,"column":2},"end":{"line":113,"column":4}}]},"21":{"type":"branch","line":11,"loc":{"start":{"line":11,"column":20},"end":{"line":11,"column":46}},"locations":[{"start":{"line":11,"column":20},"end":{"line":11,"column":46}}]},"22":{"type":"branch","line":11,"loc":{"start":{"line":11,"column":39},"end":{"line":12,"column":53}},"locations":[{"start":{"line":11,"column":39},"end":{"line":12,"column":53}}]},"23":{"type":"branch","line":17,"loc":{"start":{"line":17,"column":13},"end":{"line":17,"column":89}},"locations":[{"start":{"line":17,"column":13},"end":{"line":17,"column":89}}]},"24":{"type":"branch","line":17,"loc":{"start":{"line":17,"column":82},"end":{"line":17,"column":89}},"locations":[{"start":{"line":17,"column":82},"end":{"line":17,"column":89}}]}},"b":{"0":[5],"1":[1],"2":[0],"3":[4],"4":[3],"5":[2],"6":[1],"7":[1],"8":[2],"9":[0],"10":[2],"11":[1],"12":[0],"13":[2],"14":[2],"15":[0],"16":[1],"17":[1],"18":[1],"19":[0],"20":[0],"21":[2],"22":[5],"23":[2],"24":[5]},"fnMap":{"0":{"name":"clearTimer","decl":{"start":{"line":49,"column":0},"end":{"line":54,"column":1}},"loc":{"start":{"line":49,"column":0},"end":{"line":54,"column":1}},"line":49},"1":{"name":"updateMessage","decl":{"start":{"line":56,"column":0},"end":{"line":67,"column":1}},"loc":{"start":{"line":56,"column":0},"end":{"line":67,"column":1}},"line":56},"2":{"name":"startCooldown","decl":{"start":{"line":69,"column":0},"end":{"line":86,"column":1}},"loc":{"start":{"line":69,"column":0},"end":{"line":86,"column":1}},"line":69},"3":{"name":"handleResend","decl":{"start":{"line":88,"column":0},"end":{"line":116,"column":1}},"loc":{"start":{"line":88,"column":0},"end":{"line":116,"column":1}},"line":88}},"f":{"0":2,"1":2,"2":2,"3":2}}
,"D:\\Vibe Coding\\technical assessment practice runs\\run 6\\recipe-management-system-vscode-harper-workflow-run-2\\story-starter\\src\\components\\SignInForm.vue": {"path":"D:\\Vibe Coding\\technical assessment practice runs\\run 6\\recipe-management-system-vscode-harper-workflow-run-2\\story-starter\\src\\components\\SignInForm.vue","all":false,"statementMap":{"1":{"start":{"line":2,"column":0},"end":{"line":2,"column":40}},"2":{"start":{"line":3,"column":0},"end":{"line":3,"column":16}},"3":{"start":{"line":4,"column":0},"end":{"line":4,"column":36}},"4":{"start":{"line":5,"column":0},"end":{"line":5,"column":17}},"5":{"start":{"line":6,"column":0},"end":{"line":6,"column":17}},"6":{"start":{"line":7,"column":0},"end":{"line":7,"column":61}},"7":{"start":{"line":8,"column":0},"end":{"line":8,"column":28}},"8":{"start":{"line":9,"column":0},"end":{"line":9,"column":31}},"9":{"start":{"line":10,"column":0},"end":{"line":10,"column":17}},"10":{"start":{"line":11,"column":0},"end":{"line":11,"column":31}},"11":{"start":{"line":12,"column":0},"end":{"line":12,"column":39}},"12":{"start":{"line":13,"column":0},"end":{"line":13,"column":11}},"14":{"start":{"line":15,"column":0},"end":{"line":15,"column":18}},"15":{"start":{"line":16,"column":0},"end":{"line":16,"column":16}},"16":{"start":{"line":17,"column":0},"end":{"line":17,"column":29}},"17":{"start":{"line":18,"column":0},"end":{"line":18,"column":27}},"18":{"start":{"line":19,"column":0},"end":{"line":19,"column":24}},"19":{"start":{"line":20,"column":0},"end":{"line":20,"column":42}},"20":{"start":{"line":21,"column":0},"end":{"line":21,"column":32}},"21":{"start":{"line":22,"column":0},"end":{"line":22,"column":20}},"22":{"start":{"line":23,"column":0},"end":{"line":23,"column":12}},"23":{"start":{"line":24,"column":0},"end":{"line":24,"column":14}},"25":{"start":{"line":26,"column":0},"end":{"line":26,"column":31}},"26":{"start":{"line":27,"column":0},"end":{"line":27,"column":31}},"27":{"start":{"line":28,"column":0},"end":{"line":28,"column":17}},"28":{"start":{"line":29,"column":0},"end":{"line":29,"column":34}},"29":{"start":{"line":30,"column":0},"end":{"line":30,"column":39}},"30":{"start":{"line":31,"column":0},"end":{"line":31,"column":11}},"32":{"start":{"line":33,"column":0},"end":{"line":33,"column":18}},"33":{"start":{"line":34,"column":0},"end":{"line":34,"column":16}},"34":{"start":{"line":35,"column":0},"end":{"line":35,"column":32}},"35":{"start":{"line":36,"column":0},"end":{"line":36,"column":30}},"36":{"start":{"line":37,"column":0},"end":{"line":37,"column":27}},"37":{"start":{"line":38,"column":0},"end":{"line":38,"column":45}},"38":{"start":{"line":39,"column":0},"end":{"line":39,"column":43}},"39":{"start":{"line":40,"column":0},"end":{"line":40,"column":20}},"40":{"start":{"line":41,"column":0},"end":{"line":41,"column":12}},"41":{"start":{"line":42,"column":0},"end":{"line":42,"column":14}},"43":{"start":{"line":44,"column":0},"end":{"line":44,"column":30}},"44":{"start":{"line":45,"column":0},"end":{"line":45,"column":94}},"45":{"start":{"line":46,"column":0},"end":{"line":46,"column":46}},"46":{"start":{"line":47,"column":0},"end":{"line":47,"column":32}},"47":{"start":{"line":48,"column":0},"end":{"line":48,"column":16}},"48":{"start":{"line":49,"column":0},"end":{"line":49,"column":14}},"50":{"start":{"line":51,"column":0},"end":{"line":51,"column":35}},"51":{"start":{"line":52,"column":0},"end":{"line":52,"column":85}},"52":{"start":{"line":53,"column":0},"end":{"line":53,"column":44}},"53":{"start":{"line":54,"column":0},"end":{"line":54,"column":27}},"54":{"start":{"line":55,"column":0},"end":{"line":55,"column":16}},"55":{"start":{"line":56,"column":0},"end":{"line":56,"column":14}},"57":{"start":{"line":58,"column":0},"end":{"line":58,"column":64}},"58":{"start":{"line":59,"column":0},"end":{"line":59,"column":15}},"59":{"start":{"line":60,"column":0},"end":{"line":60,"column":23}},"60":{"start":{"line":61,"column":0},"end":{"line":61,"column":24}},"61":{"start":{"line":62,"column":0},"end":{"line":62,"column":43}},"63":{"start":{"line":64,"column":0},"end":{"line":64,"column":53}},"64":{"start":{"line":65,"column":0},"end":{"line":65,"column":37}},"65":{"start":{"line":66,"column":0},"end":{"line":66,"column":17}},"67":{"start":{"line":68,"column":0},"end":{"line":68,"column":13}},"69":{"start":{"line":70,"column":0},"end":{"line":70,"column":30}},"70":{"start":{"line":71,"column":0},"end":{"line":71,"column":44}},"72":{"start":{"line":73,"column":0},"end":{"line":73,"column":16}},"73":{"start":{"line":74,"column":0},"end":{"line":74,"column":44}},"74":{"start":{"line":75,"column":0},"end":{"line":75,"column":81}},"75":{"start":{"line":76,"column":0},"end":{"line":76,"column":23}},"76":{"start":{"line":77,"column":0},"end":{"line":77,"column":9}},"78":{"start":{"line":79,"column":0},"end":{"line":79,"column":17}},"79":{"start":{"line":80,"column":0},"end":{"line":80,"column":12}},"80":{"start":{"line":81,"column":0},"end":{"line":81,"column":18}},"81":{"start":{"line":82,"column":0},"end":{"line":82,"column":9}},"85":{"start":{"line":86,"column":0},"end":{"line":86,"column":52}},"86":{"start":{"line":87,"column":0},"end":{"line":87,"column":38}},"87":{"start":{"line":88,"column":0},"end":{"line":88,"column":47}},"88":{"start":{"line":89,"column":0},"end":{"line":89,"column":43}},"89":{"start":{"line":90,"column":0},"end":{"line":90,"column":55}},"90":{"start":{"line":91,"column":0},"end":{"line":91,"column":53}},"91":{"start":{"line":92,"column":0},"end":{"line":92,"column":57}},"92":{"start":{"line":93,"column":0},"end":{"line":93,"column":47}},"93":{"start":{"line":94,"column":0},"end":{"line":94,"column":45}},"94":{"start":{"line":95,"column":0},"end":{"line":95,"column":45}},"101":{"start":{"line":102,"column":0},"end":{"line":102,"column":26}},"103":{"start":{"line":104,"column":0},"end":{"line":104,"column":21}},"104":{"start":{"line":105,"column":0},"end":{"line":105,"column":24}},"105":{"start":{"line":106,"column":0},"end":{"line":106,"column":28}},"106":{"start":{"line":107,"column":0},"end":{"line":107,"column":42}},"107":{"start":{"line":108,"column":0},"end":{"line":108,"column":47}},"108":{"start":{"line":109,"column":0},"end":{"line":109,"column":62}},"110":{"start":{"line":111,"column":0},"end":{"line":111,"column":28}},"112":{"start":{"line":113,"column":0},"end":{"line":113,"column":35}},"114":{"start":{"line":115,"column":0},"end":{"line":115,"column":32}},"115":{"start":{"line":116,"column":0},"end":{"line":116,"column":74}},"116":{"start":{"line":117,"column":0},"end":{"line":117,"column":2}},"118":{"start":{"line":119,"column":0},"end":{"line":119,"column":23}},"119":{"start":{"line":120,"column":0},"end":{"line":120,"column":48}},"120":{"start":{"line":121,"column":0},"end":{"line":121,"column":2}},"122":{"start":{"line":123,"column":0},"end":{"line":123,"column":34}},"123":{"start":{"line":124,"column":0},"end":{"line":124,"column":24}},"124":{"start":{"line":125,"column":0},"end":{"line":125,"column":29}},"127":{"start":{"line":128,"column":0},"end":{"line":128,"column":23}},"128":{"start":{"line":129,"column":0},"end":{"line":129,"column":46}},"129":{"start":{"line":130,"column":0},"end":{"line":130,"column":10}},"130":{"start":{"line":131,"column":0},"end":{"line":131,"column":3}},"132":{"start":{"line":133,"column":0},"end":{"line":133,"column":24}},"134":{"start":{"line":135,"column":0},"end":{"line":135,"column":7}},"135":{"start":{"line":136,"column":0},"end":{"line":136,"column":81}},"137":{"start":{"line":138,"column":0},"end":{"line":138,"column":25}},"138":{"start":{"line":139,"column":0},"end":{"line":139,"column":54}},"139":{"start":{"line":140,"column":0},"end":{"line":140,"column":22}},"140":{"start":{"line":141,"column":0},"end":{"line":141,"column":25}},"142":{"start":{"line":143,"column":0},"end":{"line":143,"column":40}},"143":{"start":{"line":144,"column":0},"end":{"line":144,"column":24}},"144":{"start":{"line":145,"column":0},"end":{"line":145,"column":14}},"145":{"start":{"line":146,"column":0},"end":{"line":146,"column":12}},"146":{"start":{"line":147,"column":0},"end":{"line":147,"column":57}},"147":{"start":{"line":148,"column":0},"end":{"line":148,"column":5}},"148":{"start":{"line":149,"column":0},"end":{"line":149,"column":19}},"149":{"start":{"line":150,"column":0},"end":{"line":150,"column":53}},"150":{"start":{"line":151,"column":0},"end":{"line":151,"column":41}},"151":{"start":{"line":152,"column":0},"end":{"line":152,"column":13}},"152":{"start":{"line":153,"column":0},"end":{"line":153,"column":27}},"153":{"start":{"line":154,"column":0},"end":{"line":154,"column":3}},"154":{"start":{"line":155,"column":0},"end":{"line":155,"column":1}}},"s":{"1":1,"2":1,"3":1,"4":1,"5":1,"6":1,"7":1,"8":1,"9":1,"10":1,"11":1,"12":1,"14":12,"15":1,"16":1,"17":1,"18":1,"19":1,"20":1,"21":1,"22":1,"23":1,"25":1,"26":1,"27":1,"28":1,"29":1,"30":1,"32":12,"33":1,"34":1,"35":1,"36":1,"37":1,"38":1,"39":1,"40":1,"41":1,"43":1,"44":1,"45":0,"46":0,"47":1,"48":1,"50":1,"51":1,"52":1,"53":1,"54":1,"55":1,"57":1,"58":1,"59":1,"60":1,"61":1,"63":1,"64":13,"65":1,"67":1,"69":1,"70":1,"72":1,"73":1,"74":1,"75":1,"76":1,"78":1,"79":1,"80":1,"81":1,"85":1,"86":1,"87":1,"88":1,"89":1,"90":1,"91":1,"92":1,"93":1,"94":1,"101":1,"103":1,"104":1,"105":1,"106":1,"107":1,"108":1,"110":1,"112":1,"114":1,"115":15,"116":1,"118":1,"119":1,"120":1,"122":1,"123":1,"124":1,"127":1,"128":1,"129":1,"130":1,"132":0,"134":0,"135":0,"137":0,"138":0,"139":0,"140":0,"142":0,"143":0,"144":0,"145":0,"146":0,"147":0,"148":1,"149":0,"150":0,"151":0,"152":0,"153":0,"154":1},"branchMap":{"0":{"type":"branch","line":115,"loc":{"start":{"line":115,"column":25},"end":{"line":117,"column":1}},"locations":[{"start":{"line":115,"column":25},"end":{"line":117,"column":1}}]},"1":{"type":"branch","line":116,"loc":{"start":{"line":116,"column":17},"end":{"line":116,"column":58}},"locations":[{"start":{"line":116,"column":17},"end":{"line":116,"column":58}}]},"2":{"type":"branch","line":116,"loc":{"start":{"line":116,"column":53},"end":{"line":116,"column":74}},"locations":[{"start":{"line":116,"column":53},"end":{"line":116,"column":74}}]},"3":{"type":"branch","line":119,"loc":{"start":{"line":119,"column":16},"end":{"line":121,"column":1}},"locations":[{"start":{"line":119,"column":16},"end":{"line":121,"column":1}}]},"4":{"type":"branch","line":120,"loc":{"start":{"line":120,"column":21},"end":{"line":120,"column":48}},"locations":[{"start":{"line":120,"column":21},"end":{"line":120,"column":48}}]},"5":{"type":"branch","line":123,"loc":{"start":{"line":123,"column":21},"end":{"line":155,"column":1}},"locations":[{"start":{"line":123,"column":21},"end":{"line":155,"column":1}}]},"6":{"type":"branch","line":131,"loc":{"start":{"line":131,"column":2},"end":{"line":148,"column":5}},"locations":[{"start":{"line":131,"column":2},"end":{"line":148,"column":5}}]},"7":{"type":"branch","line":149,"loc":{"start":{"line":149,"column":2},"end":{"line":154,"column":3}},"locations":[{"start":{"line":149,"column":2},"end":{"line":154,"column":3}}]},"8":{"type":"branch","line":4,"loc":{"start":{"line":4,"column":17},"end":{"line":4,"column":36}},"locations":[{"start":{"line":4,"column":17},"end":{"line":4,"column":36}}]},"9":{"type":"branch","line":18,"loc":{"start":{"line":18,"column":21},"end":{"line":18,"column":27}},"locations":[{"start":{"line":18,"column":21},"end":{"line":18,"column":27}}]},"10":{"type":"branch","line":36,"loc":{"start":{"line":36,"column":21},"end":{"line":36,"column":30}},"locations":[{"start":{"line":36,"column":21},"end":{"line":36,"column":30}}]},"11":{"type":"branch","line":45,"loc":{"start":{"line":45,"column":19},"end":{"line":47,"column":32}},"locations":[{"start":{"line":45,"column":19},"end":{"line":47,"column":32}}]},"12":{"type":"branch","line":52,"loc":{"start":{"line":52,"column":19},"end":{"line":54,"column":27}},"locations":[{"start":{"line":52,"column":19},"end":{"line":54,"column":27}}]},"13":{"type":"branch","line":54,"loc":{"start":{"line":54,"column":24},"end":{"line":54,"column":27}},"locations":[{"start":{"line":54,"column":24},"end":{"line":54,"column":27}}]},"14":{"type":"branch","line":62,"loc":{"start":{"line":62,"column":22},"end":{"line":62,"column":43}},"locations":[{"start":{"line":62,"column":22},"end":{"line":62,"column":43}}]},"15":{"type":"branch","line":14,"loc":{"start":{"line":14,"column":-2},"end":{"line":15,"column":18}},"locations":[{"start":{"line":14,"column":-2},"end":{"line":15,"column":18}}]},"16":{"type":"branch","line":18,"loc":{"start":{"line":18,"column":21},"end":{"line":18,"column":27}},"locations":[{"start":{"line":18,"column":21},"end":{"line":18,"column":27}}]},"17":{"type":"branch","line":32,"loc":{"start":{"line":32,"column":-2},"end":{"line":33,"column":18}},"locations":[{"start":{"line":32,"column":-2},"end":{"line":33,"column":18}}]},"18":{"type":"branch","line":36,"loc":{"start":{"line":36,"column":21},"end":{"line":36,"column":30}},"locations":[{"start":{"line":36,"column":21},"end":{"line":36,"column":30}}]},"19":{"type":"branch","line":64,"loc":{"start":{"line":64,"column":10},"end":{"line":65,"column":37}},"locations":[{"start":{"line":64,"column":10},"end":{"line":65,"column":37}}]},"20":{"type":"branch","line":64,"loc":{"start":{"line":64,"column":22},"end":{"line":64,"column":53}},"locations":[{"start":{"line":64,"column":22},"end":{"line":64,"column":53}}]}},"b":{"0":[15],"1":[3],"2":[2],"3":[1],"4":[0],"5":[1],"6":[0],"7":[0],"8":[12],"9":[12],"10":[12],"11":[0],"12":[1],"13":[15],"14":[1],"15":[1],"16":[2],"17":[1],"18":[1],"19":[13],"20":[0]},"fnMap":{"0":{"name":"handleSubmit","decl":{"start":{"line":123,"column":21},"end":{"line":155,"column":1}},"loc":{"start":{"line":123,"column":21},"end":{"line":155,"column":1}},"line":123},"1":{"name":"onUpdate:modelValue._cache.<computed>._cache.<computed>","decl":{"start":{"line":18,"column":21},"end":{"line":18,"column":27}},"loc":{"start":{"line":18,"column":21},"end":{"line":18,"column":27}},"line":18},"2":{"name":"onUpdate:modelValue._cache.<computed>._cache.<computed>","decl":{"start":{"line":36,"column":21},"end":{"line":36,"column":30}},"loc":{"start":{"line":36,"column":21},"end":{"line":36,"column":30}},"line":36}},"f":{"0":1,"1":2,"2":1}}
,"D:\\Vibe Coding\\technical assessment practice runs\\run 6\\recipe-management-system-vscode-harper-workflow-run-2\\story-starter\\src\\components\\SignUpForm.vue": {"path":"D:\\Vibe Coding\\technical assessment practice runs\\run 6\\recipe-management-system-vscode-harper-workflow-run-2\\story-starter\\src\\components\\SignUpForm.vue","all":false,"statementMap":{"1":{"start":{"line":2,"column":0},"end":{"line":2,"column":40}},"2":{"start":{"line":3,"column":0},"end":{"line":3,"column":16}},"3":{"start":{"line":4,"column":0},"end":{"line":4,"column":36}},"4":{"start":{"line":5,"column":0},"end":{"line":5,"column":17}},"5":{"start":{"line":6,"column":0},"end":{"line":6,"column":17}},"6":{"start":{"line":7,"column":0},"end":{"line":7,"column":61}},"7":{"start":{"line":8,"column":0},"end":{"line":8,"column":28}},"8":{"start":{"line":9,"column":0},"end":{"line":9,"column":31}},"9":{"start":{"line":10,"column":0},"end":{"line":10,"column":77}},"10":{"start":{"line":11,"column":0},"end":{"line":11,"column":127}},"11":{"start":{"line":12,"column":0},"end":{"line":12,"column":14}},"13":{"start":{"line":14,"column":0},"end":{"line":14,"column":31}},"14":{"start":{"line":15,"column":0},"end":{"line":15,"column":31}},"15":{"start":{"line":16,"column":0},"end":{"line":16,"column":83}},"16":{"start":{"line":17,"column":0},"end":{"line":17,"column":146}},"17":{"start":{"line":18,"column":0},"end":{"line":18,"column":122}},"18":{"start":{"line":19,"column":0},"end":{"line":19,"column":14}},"20":{"start":{"line":21,"column":0},"end":{"line":21,"column":39}},"21":{"start":{"line":22,"column":0},"end":{"line":22,"column":31}},"22":{"start":{"line":23,"column":0},"end":{"line":23,"column":99}},"23":{"start":{"line":24,"column":0},"end":{"line":24,"column":163}},"24":{"start":{"line":25,"column":0},"end":{"line":25,"column":14}},"26":{"start":{"line":27,"column":0},"end":{"line":27,"column":25}},"27":{"start":{"line":28,"column":0},"end":{"line":28,"column":94}},"28":{"start":{"line":29,"column":0},"end":{"line":29,"column":72}},"29":{"start":{"line":30,"column":0},"end":{"line":30,"column":14}},"30":{"start":{"line":31,"column":0},"end":{"line":31,"column":85}},"31":{"start":{"line":32,"column":0},"end":{"line":32,"column":65}},"32":{"start":{"line":33,"column":0},"end":{"line":33,"column":14}},"34":{"start":{"line":35,"column":0},"end":{"line":35,"column":79}},"35":{"start":{"line":36,"column":0},"end":{"line":36,"column":59}},"36":{"start":{"line":37,"column":0},"end":{"line":37,"column":37}},"37":{"start":{"line":38,"column":0},"end":{"line":38,"column":17}},"38":{"start":{"line":39,"column":0},"end":{"line":39,"column":13}},"40":{"start":{"line":41,"column":0},"end":{"line":41,"column":44}},"42":{"start":{"line":43,"column":0},"end":{"line":43,"column":153}},"43":{"start":{"line":44,"column":0},"end":{"line":44,"column":12}},"45":{"start":{"line":46,"column":0},"end":{"line":46,"column":90}},"46":{"start":{"line":47,"column":0},"end":{"line":47,"column":42}},"47":{"start":{"line":48,"column":0},"end":{"line":48,"column":50}},"48":{"start":{"line":49,"column":0},"end":{"line":49,"column":12}},"49":{"start":{"line":50,"column":0},"end":{"line":50,"column":18}},"50":{"start":{"line":51,"column":0},"end":{"line":51,"column":9}},"54":{"start":{"line":55,"column":0},"end":{"line":55,"column":35}},"55":{"start":{"line":56,"column":0},"end":{"line":56,"column":47}},"56":{"start":{"line":57,"column":0},"end":{"line":57,"column":43}},"57":{"start":{"line":58,"column":0},"end":{"line":58,"column":55}},"58":{"start":{"line":59,"column":0},"end":{"line":59,"column":53}},"59":{"start":{"line":60,"column":0},"end":{"line":60,"column":57}},"60":{"start":{"line":61,"column":0},"end":{"line":61,"column":47}},"61":{"start":{"line":62,"column":0},"end":{"line":62,"column":45}},"62":{"start":{"line":63,"column":0},"end":{"line":63,"column":45}},"63":{"start":{"line":64,"column":0},"end":{"line":64,"column":68}},"70":{"start":{"line":71,"column":0},"end":{"line":71,"column":21}},"71":{"start":{"line":72,"column":0},"end":{"line":72,"column":24}},"72":{"start":{"line":73,"column":0},"end":{"line":73,"column":31}},"73":{"start":{"line":74,"column":0},"end":{"line":74,"column":28}},"74":{"start":{"line":75,"column":0},"end":{"line":75,"column":42}},"75":{"start":{"line":76,"column":0},"end":{"line":76,"column":47}},"76":{"start":{"line":77,"column":0},"end":{"line":77,"column":96}},"78":{"start":{"line":79,"column":0},"end":{"line":79,"column":28}},"80":{"start":{"line":81,"column":0},"end":{"line":81,"column":35}},"81":{"start":{"line":82,"column":0},"end":{"line":82,"column":67}},"83":{"start":{"line":84,"column":0},"end":{"line":84,"column":32}},"84":{"start":{"line":85,"column":0},"end":{"line":85,"column":30}},"85":{"start":{"line":86,"column":0},"end":{"line":86,"column":26}},"86":{"start":{"line":87,"column":0},"end":{"line":87,"column":33}},"87":{"start":{"line":88,"column":0},"end":{"line":88,"column":85}},"88":{"start":{"line":89,"column":0},"end":{"line":89,"column":2}},"90":{"start":{"line":91,"column":0},"end":{"line":91,"column":34}},"91":{"start":{"line":92,"column":0},"end":{"line":92,"column":24}},"92":{"start":{"line":93,"column":0},"end":{"line":93,"column":29}},"93":{"start":{"line":94,"column":0},"end":{"line":94,"column":25}},"96":{"start":{"line":97,"column":0},"end":{"line":97,"column":30}},"97":{"start":{"line":98,"column":0},"end":{"line":98,"column":34}},"98":{"start":{"line":99,"column":0},"end":{"line":99,"column":46}},"99":{"start":{"line":100,"column":0},"end":{"line":100,"column":10}},"100":{"start":{"line":101,"column":0},"end":{"line":101,"column":3}},"102":{"start":{"line":103,"column":0},"end":{"line":103,"column":24}},"103":{"start":{"line":104,"column":0},"end":{"line":104,"column":46}},"104":{"start":{"line":105,"column":0},"end":{"line":105,"column":10}},"105":{"start":{"line":106,"column":0},"end":{"line":106,"column":3}},"107":{"start":{"line":108,"column":0},"end":{"line":108,"column":52}},"108":{"start":{"line":109,"column":0},"end":{"line":109,"column":91}},"109":{"start":{"line":110,"column":0},"end":{"line":110,"column":10}},"110":{"start":{"line":111,"column":0},"end":{"line":111,"column":3}},"112":{"start":{"line":113,"column":0},"end":{"line":113,"column":49}},"113":{"start":{"line":114,"column":0},"end":{"line":114,"column":47}},"114":{"start":{"line":115,"column":0},"end":{"line":115,"column":10}},"115":{"start":{"line":116,"column":0},"end":{"line":116,"column":3}},"117":{"start":{"line":118,"column":0},"end":{"line":118,"column":24}},"119":{"start":{"line":120,"column":0},"end":{"line":120,"column":7}},"120":{"start":{"line":121,"column":0},"end":{"line":121,"column":71}},"122":{"start":{"line":123,"column":0},"end":{"line":123,"column":25}},"123":{"start":{"line":124,"column":0},"end":{"line":124,"column":37}},"125":{"start":{"line":126,"column":0},"end":{"line":126,"column":28}},"126":{"start":{"line":127,"column":0},"end":{"line":127,"column":97}},"127":{"start":{"line":128,"column":0},"end":{"line":128,"column":27}},"128":{"start":{"line":129,"column":0},"end":{"line":129,"column":34}},"130":{"start":{"line":131,"column":0},"end":{"line":131,"column":14}},"131":{"start":{"line":132,"column":0},"end":{"line":132,"column":76}},"133":{"start":{"line":134,"column":0},"end":{"line":134,"column":24}},"134":{"start":{"line":135,"column":0},"end":{"line":135,"column":27}},"135":{"start":{"line":136,"column":0},"end":{"line":136,"column":34}},"136":{"start":{"line":137,"column":0},"end":{"line":137,"column":7}},"137":{"start":{"line":138,"column":0},"end":{"line":138,"column":12}},"138":{"start":{"line":139,"column":0},"end":{"line":139,"column":75}},"139":{"start":{"line":140,"column":0},"end":{"line":140,"column":5}},"140":{"start":{"line":141,"column":0},"end":{"line":141,"column":19}},"141":{"start":{"line":142,"column":0},"end":{"line":142,"column":53}},"142":{"start":{"line":143,"column":0},"end":{"line":143,"column":13}},"143":{"start":{"line":144,"column":0},"end":{"line":144,"column":27}},"144":{"start":{"line":145,"column":0},"end":{"line":145,"column":3}},"145":{"start":{"line":146,"column":0},"end":{"line":146,"column":1}}},"s":{"1":1,"2":1,"3":1,"4":1,"5":1,"6":1,"7":1,"8":1,"9":1,"10":1,"11":1,"13":1,"14":1,"15":1,"16":1,"17":1,"18":1,"20":1,"21":1,"22":1,"23":1,"24":1,"26":1,"27":1,"28":2,"29":1,"30":1,"31":1,"32":1,"34":1,"35":1,"36":14,"37":1,"38":1,"40":1,"42":1,"43":1,"45":1,"46":1,"47":1,"48":1,"49":1,"50":1,"54":1,"55":1,"56":1,"57":1,"58":1,"59":1,"60":1,"61":1,"62":1,"63":1,"70":1,"71":1,"72":1,"73":1,"74":1,"75":1,"76":1,"78":1,"80":1,"81":1,"83":1,"84":22,"85":22,"86":22,"87":22,"88":1,"90":1,"91":3,"92":3,"93":3,"96":3,"97":3,"98":1,"99":1,"100":1,"102":3,"103":0,"104":0,"105":0,"107":3,"108":0,"109":0,"110":0,"112":3,"113":0,"114":0,"115":0,"117":2,"119":2,"120":2,"122":2,"123":2,"125":1,"126":1,"127":1,"128":1,"130":1,"131":1,"133":1,"134":1,"135":1,"136":1,"137":3,"138":0,"139":0,"140":3,"141":0,"142":3,"143":2,"144":2,"145":3},"branchMap":{"0":{"type":"branch","line":84,"loc":{"start":{"line":84,"column":25},"end":{"line":89,"column":1}},"locations":[{"start":{"line":84,"column":25},"end":{"line":89,"column":1}}]},"1":{"type":"branch","line":88,"loc":{"start":{"line":88,"column":11},"end":{"line":88,"column":38}},"locations":[{"start":{"line":88,"column":11},"end":{"line":88,"column":38}}]},"2":{"type":"branch","line":88,"loc":{"start":{"line":88,"column":33},"end":{"line":88,"column":45}},"locations":[{"start":{"line":88,"column":33},"end":{"line":88,"column":45}}]},"3":{"type":"branch","line":88,"loc":{"start":{"line":88,"column":40},"end":{"line":88,"column":78}},"locations":[{"start":{"line":88,"column":40},"end":{"line":88,"column":78}}]},"4":{"type":"branch","line":88,"loc":{"start":{"line":88,"column":73},"end":{"line":88,"column":85}},"locations":[{"start":{"line":88,"column":73},"end":{"line":88,"column":85}}]},"5":{"type":"branch","line":91,"loc":{"start":{"line":91,"column":21},"end":{"line":146,"column":1}},"locations":[{"start":{"line":91,"column":21},"end":{"line":146,"column":1}}]},"6":{"type":"branch","line":98,"loc":{"start":{"line":98,"column":7},"end":{"line":98,"column":33}},"locations":[{"start":{"line":98,"column":7},"end":{"line":98,"column":33}}]},"7":{"type":"branch","line":98,"loc":{"start":{"line":98,"column":33},"end":{"line":103,"column":23}},"locations":[{"start":{"line":98,"column":33},"end":{"line":103,"column":23}}]},"8":{"type":"branch","line":98,"loc":{"start":{"line":98,"column":33},"end":{"line":101,"column":3}},"locations":[{"start":{"line":98,"column":33},"end":{"line":101,"column":3}}]},"9":{"type":"branch","line":103,"loc":{"start":{"line":103,"column":23},"end":{"line":106,"column":3}},"locations":[{"start":{"line":103,"column":23},"end":{"line":106,"column":3}}]},"10":{"type":"branch","line":106,"loc":{"start":{"line":106,"column":2},"end":{"line":108,"column":51}},"locations":[{"start":{"line":106,"column":2},"end":{"line":108,"column":51}}]},"11":{"type":"branch","line":108,"loc":{"start":{"line":108,"column":51},"end":{"line":111,"column":3}},"locations":[{"start":{"line":108,"column":51},"end":{"line":111,"column":3}}]},"12":{"type":"branch","line":111,"loc":{"start":{"line":111,"column":2},"end":{"line":113,"column":48}},"locations":[{"start":{"line":111,"column":2},"end":{"line":113,"column":48}}]},"13":{"type":"branch","line":113,"loc":{"start":{"line":113,"column":48},"end":{"line":116,"column":3}},"locations":[{"start":{"line":113,"column":48},"end":{"line":116,"column":3}}]},"14":{"type":"branch","line":116,"loc":{"start":{"line":116,"column":2},"end":{"line":138,"column":11}},"locations":[{"start":{"line":116,"column":2},"end":{"line":138,"column":11}}]},"15":{"type":"branch","line":124,"loc":{"start":{"line":124,"column":36},"end":{"line":137,"column":7}},"locations":[{"start":{"line":124,"column":36},"end":{"line":137,"column":7}}]},"16":{"type":"branch","line":138,"loc":{"start":{"line":138,"column":4},"end":{"line":140,"column":5}},"locations":[{"start":{"line":138,"column":4},"end":{"line":140,"column":5}}]},"17":{"type":"branch","line":141,"loc":{"start":{"line":141,"column":2},"end":{"line":143,"column":4}},"locations":[{"start":{"line":141,"column":2},"end":{"line":143,"column":4}}]},"18":{"type":"branch","line":143,"loc":{"start":{"line":143,"column":2},"end":{"line":145,"column":3}},"locations":[{"start":{"line":143,"column":2},"end":{"line":145,"column":3}}]},"19":{"type":"branch","line":4,"loc":{"start":{"line":4,"column":17},"end":{"line":4,"column":36}},"locations":[{"start":{"line":4,"column":17},"end":{"line":4,"column":36}}]},"20":{"type":"branch","line":11,"loc":{"start":{"line":11,"column":44},"end":{"line":11,"column":51}},"locations":[{"start":{"line":11,"column":44},"end":{"line":11,"column":51}}]},"21":{"type":"branch","line":17,"loc":{"start":{"line":17,"column":47},"end":{"line":17,"column":57}},"locations":[{"start":{"line":17,"column":47},"end":{"line":17,"column":57}}]},"22":{"type":"branch","line":18,"loc":{"start":{"line":18,"column":10},"end":{"line":18,"column":122}},"locations":[{"start":{"line":18,"column":10},"end":{"line":18,"column":122}}]},"23":{"type":"branch","line":24,"loc":{"start":{"line":24,"column":55},"end":{"line":24,"column":72}},"locations":[{"start":{"line":24,"column":55},"end":{"line":24,"column":72}}]},"24":{"type":"branch","line":28,"loc":{"start":{"line":28,"column":19},"end":{"line":29,"column":72}},"locations":[{"start":{"line":28,"column":19},"end":{"line":29,"column":72}}]},"25":{"type":"branch","line":29,"loc":{"start":{"line":29,"column":63},"end":{"line":29,"column":72}},"locations":[{"start":{"line":29,"column":63},"end":{"line":29,"column":72}}]},"26":{"type":"branch","line":31,"loc":{"start":{"line":31,"column":19},"end":{"line":32,"column":65}},"locations":[{"start":{"line":31,"column":19},"end":{"line":32,"column":65}}]},"27":{"type":"branch","line":32,"loc":{"start":{"line":32,"column":56},"end":{"line":32,"column":65}},"locations":[{"start":{"line":32,"column":56},"end":{"line":32,"column":65}}]},"28":{"type":"branch","line":35,"loc":{"start":{"line":35,"column":57},"end":{"line":35,"column":79}},"locations":[{"start":{"line":35,"column":57},"end":{"line":35,"c
[...]
78},"end":{"line":82,"column":117}},"locations":[{"start":{"line":82,"column":78},"end":{"line":82,"column":117}}]},"109":{"type":"branch","line":86,"loc":{"start":{"line":86,"column":81},"end":{"line":86,"column":123}},"locations":[{"start":{"line":86,"column":81},"end":{"line":86,"column":123}}]},"110":{"type":"branch","line":91,"loc":{"start":{"line":91,"column":32},"end":{"line":97,"column":24}},"locations":[{"start":{"line":91,"column":32},"end":{"line":97,"column":24}}]},"111":{"type":"branch","line":93,"loc":{"start":{"line":93,"column":70},"end":{"line":93,"column":131}},"locations":[{"start":{"line":93,"column":70},"end":{"line":93,"column":131}}]},"112":{"type":"branch","line":94,"loc":{"start":{"line":94,"column":23},"end":{"line":94,"column":120}},"locations":[{"start":{"line":94,"column":23},"end":{"line":94,"column":120}}]},"113":{"type":"branch","line":94,"loc":{"start":{"line":94,"column":113},"end":{"line":94,"column":120}},"locations":[{"start":{"line":94,"column":113},"end":{"line":94,"column":120}}]},"114":{"type":"branch","line":102,"loc":{"start":{"line":102,"column":67},"end":{"line":102,"column":87}},"locations":[{"start":{"line":102,"column":67},"end":{"line":102,"column":87}}]},"115":{"type":"branch","line":112,"loc":{"start":{"line":112,"column":71},"end":{"line":112,"column":143}},"locations":[{"start":{"line":112,"column":71},"end":{"line":112,"column":143}}]},"116":{"type":"branch","line":117,"loc":{"start":{"line":117,"column":63},"end":{"line":117,"column":131}},"locations":[{"start":{"line":117,"column":63},"end":{"line":117,"column":131}}]},"117":{"type":"branch","line":121,"loc":{"start":{"line":121,"column":73},"end":{"line":121,"column":111}},"locations":[{"start":{"line":121,"column":73},"end":{"line":121,"column":111}}]},"118":{"type":"branch","line":122,"loc":{"start":{"line":122,"column":10},"end":{"line":122,"column":65}},"locations":[{"start":{"line":122,"column":10},"end":{"line":122,"column":65}}]},"119":{"type":"branch","line":127,"loc":{"start":{"line":127,"column":137},"end":{"line":127,"column":162}},"locations":[{"start":{"line":127,"column":137},"end":{"line":127,"column":162}}]},"120":{"type":"branch","line":128,"loc":{"start":{"line":128,"column":24},"end":{"line":128,"column":51}},"locations":[{"start":{"line":128,"column":24},"end":{"line":128,"column":51}}]},"121":{"type":"branch","line":140,"loc":{"start":{"line":140,"column":23},"end":{"line":140,"column":93}},"locations":[{"start":{"line":140,"column":23},"end":{"line":140,"column":93}}]},"122":{"type":"branch","line":140,"loc":{"start":{"line":140,"column":86},"end":{"line":140,"column":93}},"locations":[{"start":{"line":140,"column":86},"end":{"line":140,"column":93}}]},"123":{"type":"branch","line":143,"loc":{"start":{"line":143,"column":19},"end":{"line":143,"column":36}},"locations":[{"start":{"line":143,"column":19},"end":{"line":143,"column":36}}]},"124":{"type":"branch","line":148,"loc":{"start":{"line":148,"column":4},"end":{"line":148,"column":69}},"locations":[{"start":{"line":148,"column":4},"end":{"line":148,"column":69}}]},"125":{"type":"branch","line":58,"loc":{"start":{"line":58,"column":80},"end":{"line":58,"column":137}},"locations":[{"start":{"line":58,"column":80},"end":{"line":58,"column":137}}]},"126":{"type":"branch","line":73,"loc":{"start":{"line":73,"column":61},"end":{"line":73,"column":118}},"locations":[{"start":{"line":73,"column":61},"end":{"line":73,"column":118}}]},"127":{"type":"branch","line":86,"loc":{"start":{"line":86,"column":81},"end":{"line":86,"column":123}},"locations":[{"start":{"line":86,"column":81},"end":{"line":86,"column":123}}]},"128":{"type":"branch","line":93,"loc":{"start":{"line":93,"column":70},"end":{"line":93,"column":131}},"locations":[{"start":{"line":93,"column":70},"end":{"line":93,"column":131}}]}},"b":{"0":[3],"1":[1],"2":[1],"3":[20],"4":[3],"5":[3],"6":[0],"7":[1],"8":[2],"9":[1],"10":[0],"11":[0],"12":[3],"13":[3],"14":[2],"15":[0],"16":[2],"17":[1],"18":[0],"19":[0],"20":[19],"21":[13],"22":[13],"23":[13],"24":[13],"25":[7],"26":[0],"27":[0],"28":[4],"29":[2],"30":[3],"31":[8],"32":[0],"33":[1],"34":[7],"35":[8],"36":[0],"37":[1],"38":[7],"39":[8],"40":[7],"41":[10],"42":[0],"43":[4],"44":[4],"45":[8],"46":[6],"47":[5],"48":[1],"49":[1],"50":[1],"51":[0],"52":[29],"53":[29],"54":[27],"55":[21],"56":[5],"57":[22],"58":[56],"59":[0],"60":[20],"61":[1],"62":[19],"63":[0],"64":[56],"65":[56],"66":[0],"67":[19],"68":[2],"69":[17],"70":[2],"71":[0],"72":[0],"73":[5],"74":[0],"75":[0],"76":[7],"77":[3],"78":[4],"79":[3],"80":[7],"81":[2],"82":[0],"83":[56],"84":[79],"85":[1],"86":[0],"87":[78],"88":[77],"89":[63],"90":[14],"91":[23],"92":[54],"93":[23],"94":[54],"95":[1],"96":[76],"97":[1],"98":[3],"99":[20],"100":[7],"101":[7],"102":[3],"103":[17],"104":[7],"105":[7],"106":[2],"107":[18],"108":[7],"109":[7],"110":[18],"111":[7],"112":[1],"113":[17],"114":[0],"115":[7],"116":[7],"117":[7],"118":[7],"119":[17],"120":[0],"121":[18],"122":[39],"123":[17],"124":[1],"125":[1],"126":[1],"127":[1],"128":[2]},"fnMap":{"0":{"name":"handleKeydown","decl":{"start":{"line":175,"column":0},"end":{"line":179,"column":1}},"loc":{"start":{"line":175,"column":0},"end":{"line":179,"column":1}},"line":175},"1":{"name":"shareStory","decl":{"start":{"line":191,"column":0},"end":{"line":220,"column":1}},"loc":{"start":{"line":191,"column":0},"end":{"line":220,"column":1}},"line":191},"2":{"name":"openDeleteConfirm","decl":{"start":{"line":225,"column":0},"end":{"line":230,"column":1}},"loc":{"start":{"line":225,"column":0},"end":{"line":230,"column":1}},"line":225},"3":{"name":"closeDeleteConfirm","decl":{"start":{"line":231,"column":0},"end":{"line":237,"column":1}},"loc":{"start":{"line":231,"column":0},"end":{"line":237,"column":1}},"line":231},"4":{"name":"confirmDelete","decl":{"start":{"line":238,"column":0},"end":{"line":251,"column":1}},"loc":{"start":{"line":238,"column":0},"end":{"line":251,"column":1}},"line":238},"5":{"name":"hydrateForm","decl":{"start":{"line":264,"column":0},"end":{"line":272,"column":1}},"loc":{"start":{"line":264,"column":0},"end":{"line":272,"column":1}},"line":264},"6":{"name":"removeImage","decl":{"start":{"line":289,"column":0},"end":{"line":292,"column":1}},"loc":{"start":{"line":289,"column":0},"end":{"line":292,"column":1}},"line":289},"7":{"name":"onFileChange","decl":{"start":{"line":294,"column":0},"end":{"line":304,"column":1}},"loc":{"start":{"line":294,"column":0},"end":{"line":304,"column":1}},"line":294},"8":{"name":"mode.mode","decl":{"start":{"line":307,"column":2},"end":{"line":307,"column":57}},"loc":{"start":{"line":307,"column":2},"end":{"line":307,"column":57}},"line":307},"9":{"name":"immediate","decl":{"start":{"line":308,"column":2},"end":{"line":313,"column":4}},"loc":{"start":{"line":308,"column":2},"end":{"line":313,"column":4}},"line":308},"10":{"name":"load","decl":{"start":{"line":317,"column":0},"end":{"line":337,"column":1}},"loc":{"start":{"line":317,"column":0},"end":{"line":337,"column":1}},"line":317},"11":{"name":"immediate","decl":{"start":{"line":341,"column":2},"end":{"line":344,"column":4}},"loc":{"start":{"line":341,"column":2},"end":{"line":344,"column":4}},"line":341},"12":{"name":"enterEdit","decl":{"start":{"line":367,"column":0},"end":{"line":379,"column":1}},"loc":{"start":{"line":367,"column":0},"end":{"line":379,"column":1}},"line":367},"13":{"name":"cancelEdit","decl":{"start":{"line":381,"column":0},"end":{"line":384,"column":1}},"loc":{"start":{"line":381,"column":0},"end":{"line":384,"column":1}},"line":381},"14":{"name":"saveEdit","decl":{"start":{"line":386,"column":0},"end":{"line":408,"column":1}},"loc":{"start":{"line":386,"column":0},"end":{"line":408,"column":1}},"line":386},"15":{"name":"$setup.loading.$setup.editMode.onUpdate:modelValue._cache.<computed>._cache.<computed>","decl":{"start":{"line":58,"column":80},"end":{"line":58,"column":137}},"loc":{"start":{"line":58,"column":80},"end":{"line":58,"column":137}},"line":58},"16":{"name":"$setup.loading.$setup.editMode.onUpdate:modelValue._cache.<computed>._cache.<computed>","decl":{"start":{"line":64,"column":60},"end":{"line":64,"column":120}},"loc":{"start":{"line":64,"column":60},"end":{"line":64,"column":120}},"line":64},"17":{"name":"$setup.loading.$setup.editMode.onUpdate:modelValue._cache.<computed>._cache.<computed>","decl":{"start":{"line":73,"column":61},"end":{"line":73,"column":118}},"loc":{"start":{"line":73,"column":61},"end":{"line":73,"column":118}},"line":73},"18":{"name":"$setup.loading.$setup.editMode.onUpdate:modelValue._cache.<computed>._cache.<computed>","decl":{"start":{"line":82,"column":78},"end":{"line":82,"column":117}},"loc":{"start":{"line":82,"column":78},"end":{"line":82,"column":117}},"line":82},"19":{"name":"$setup.loading.$setup.editMode.onUpdate:modelValue._cache.<computed>._cache.<computed>","decl":{"start":{"line":86,"column":81},"end":{"line":86,"column":123}},"loc":{"start":{"line":86,"column":81},"end":{"line":86,"column":123}},"line":86},"20":{"name":"$setup.loading.$setup.editMode.$setup.imageMode.onUpdate:modelValue._cache.<computed>._cache.<computed>","decl":{"start":{"line":93,"column":70},"end":{"line":93,"column":131}},"loc":{"start":{"line":93,"column":70},"end":{"line":93,"column":131}},"line":93},"21":{"name":"$setup.loading.$setup.editMode.onUpdate:modelValue._cache.<computed>._cache.<computed>","decl":{"start":{"line":112,"column":71},"end":{"line":112,"column":143}},"loc":{"start":{"line":112,"column":71},"end":{"line":112,"column":143}},"line":112},"22":{"name":"$setup.loading.$setup.editMode.onUpdate:modelValue._cache.<computed>._cache.<computed>","decl":{"start":{"line":117,"column":63},"end":{"line":117,"column":131}},"loc":{"start":{"line":117,"column":63},"end":{"line":117,"column":131}},"line":117},"23":{"name":"$setup.loading.$setup.editMode.onUpdate:modelValue._cache.<computed>._cache.<computed>","decl":{"start":{"line":121,"column":73},"end":{"line":121,"column":111}},"loc":{"start":{"line":121,"column":73},"end":{"line":121,"column":111}},"line":121}},"f":{"0":3,"1":3,"2":3,"3":2,"4":1,"5":7,"6":1,"7":1,"8":29,"9":29,"10":56,"11":56,"12":7,"13":2,"14":0,"15":1,"16":0,"17":1,"18":0,"19":1,"20":2,"21":0,"22":0,"23":0}}
,"D:\\Vibe Coding\\technical assessment practice runs\\run 6\\recipe-management-system-vscode-harper-workflow-run-2\\story-starter\\src\\views\\VerifyEmail.vue": {"path":"D:\\Vibe Coding\\technical assessment practice runs\\run 6\\recipe-management-system-vscode-harper-workflow-run-2\\story-starter\\src\\views\\VerifyEmail.vue","all":false,"statementMap":{"1":{"start":{"line":2,"column":0},"end":{"line":2,"column":146}},"2":{"start":{"line":3,"column":0},"end":{"line":3,"column":33}},"3":{"start":{"line":4,"column":0},"end":{"line":4,"column":70}},"4":{"start":{"line":5,"column":0},"end":{"line":5,"column":33}},"5":{"start":{"line":6,"column":0},"end":{"line":6,"column":48}},"6":{"start":{"line":7,"column":0},"end":{"line":7,"column":102}},"7":{"start":{"line":8,"column":0},"end":{"line":8,"column":104}},"8":{"start":{"line":9,"column":0},"end":{"line":9,"column":108}},"9":{"start":{"line":10,"column":0},"end":{"line":10,"column":16}},"11":{"start":{"line":12,"column":0},"end":{"line":12,"column":51}},"12":{"start":{"line":13,"column":0},"end":{"line":13,"column":116}},"13":{"start":{"line":14,"column":0},"end":{"line":14,"column":120}},"14":{"start":{"line":15,"column":0},"end":{"line":15,"column":230}},"15":{"start":{"line":16,"column":0},"end":{"line":16,"column":20}},"16":{"start":{"line":17,"column":0},"end":{"line":17,"column":18}},"17":{"start":{"line":18,"column":0},"end":{"line":18,"column":100}},"18":{"start":{"line":19,"column":0},"end":{"line":19,"column":71}},"19":{"start":{"line":20,"column":0},"end":{"line":20,"column":282}},"20":{"start":{"line":21,"column":0},"end":{"line":21,"column":16}},"22":{"start":{"line":23,"column":0},"end":{"line":23,"column":40}},"30":{"start":{"line":31,"column":0},"end":{"line":31,"column":286}},"31":{"start":{"line":32,"column":0},"end":{"line":32,"column":16}},"32":{"start":{"line":33,"column":0},"end":{"line":33,"column":14}},"33":{"start":{"line":34,"column":0},"end":{"line":34,"column":12}},"34":{"start":{"line":35,"column":0},"end":{"line":35,"column":10}},"35":{"start":{"line":36,"column":0},"end":{"line":36,"column":8}},"39":{"start":{"line":40,"column":0},"end":{"line":40,"column":36}},"40":{"start":{"line":41,"column":0},"end":{"line":41,"column":48}},"41":{"start":{"line":42,"column":0},"end":{"line":42,"column":47}},"42":{"start":{"line":43,"column":0},"end":{"line":43,"column":41}},"44":{"start":{"line":45,"column":0},"end":{"line":45,"column":24}},"45":{"start":{"line":46,"column":0},"end":{"line":46,"column":26}},"46":{"start":{"line":47,"column":0},"end":{"line":47,"column":40}},"48":{"start":{"line":49,"column":0},"end":{"line":49,"column":25}},"49":{"start":{"line":50,"column":0},"end":{"line":50,"column":38}},"51":{"start":{"line":52,"column":0},"end":{"line":52,"column":23}},"52":{"start":{"line":53,"column":0},"end":{"line":53,"column":7}},"53":{"start":{"line":54,"column":0},"end":{"line":54,"column":38}},"54":{"start":{"line":55,"column":0},"end":{"line":55,"column":90}},"57":{"start":{"line":58,"column":0},"end":{"line":58,"column":16}},"58":{"start":{"line":59,"column":0},"end":{"line":59,"column":55}},"59":{"start":{"line":60,"column":0},"end":{"line":60,"column":39}},"60":{"start":{"line":61,"column":0},"end":{"line":61,"column":79}},"61":{"start":{"line":62,"column":0},"end":{"line":62,"column":29}},"62":{"start":{"line":63,"column":0},"end":{"line":63,"column":14}},"63":{"start":{"line":64,"column":0},"end":{"line":64,"column":7}},"64":{"start":{"line":65,"column":0},"end":{"line":65,"column":27}},"65":{"start":{"line":66,"column":0},"end":{"line":66,"column":24}},"66":{"start":{"line":67,"column":0},"end":{"line":67,"column":12}},"67":{"start":{"line":68,"column":0},"end":{"line":68,"column":5}},"74":{"start":{"line":75,"column":0},"end":{"line":75,"column":45}},"77":{"start":{"line":78,"column":0},"end":{"line":78,"column":37}},"78":{"start":{"line":79,"column":0},"end":{"line":79,"column":9}},"79":{"start":{"line":80,"column":0},"end":{"line":80,"column":52}},"80":{"start":{"line":81,"column":0},"end":{"line":81,"column":45}},"81":{"start":{"line":82,"column":0},"end":{"line":82,"column":14}},"83":{"start":{"line":84,"column":0},"end":{"line":84,"column":101}},"84":{"start":{"line":85,"column":0},"end":{"line":85,"column":20}},"85":{"start":{"line":86,"column":0},"end":{"line":86,"column":27}},"86":{"start":{"line":87,"column":0},"end":{"line":87,"column":24}},"87":{"start":{"line":88,"column":0},"end":{"line":88,"column":12}},"88":{"start":{"line":89,"column":0},"end":{"line":89,"column":5}},"91":{"start":{"line":92,"column":0},"end":{"line":92,"column":150}},"92":{"start":{"line":93,"column":0},"end":{"line":93,"column":25}},"93":{"start":{"line":94,"column":0},"end":{"line":94,"column":22}},"94":{"start":{"line":95,"column":0},"end":{"line":95,"column":85}},"95":{"start":{"line":96,"column":0},"end":{"line":96,"column":25}},"96":{"start":{"line":97,"column":0},"end":{"line":97,"column":3}},"97":{"start":{"line":98,"column":0},"end":{"line":98,"column":2}},"99":{"start":{"line":100,"column":0},"end":{"line":100,"column":22}},"100":{"start":{"line":101,"column":0},"end":{"line":101,"column":18}},"101":{"start":{"line":102,"column":0},"end":{"line":102,"column":1}}},"s":{"1":1,"2":1,"3":1,"4":1,"5":1,"6":1,"7":1,"8":1,"9":5,"11":5,"12":3,"13":3,"14":3,"15":3,"16":3,"17":3,"18":3,"19":3,"20":2,"22":2,"30":2,"31":1,"32":1,"33":1,"34":1,"35":1,"39":1,"40":1,"41":1,"42":1,"44":1,"45":1,"46":1,"48":1,"49":1,"51":1,"52":5,"53":5,"54":5,"57":5,"58":4,"59":4,"60":2,"61":2,"62":2,"63":2,"64":2,"65":2,"66":2,"67":2,"74":1,"77":1,"78":1,"79":1,"80":5,"81":5,"83":3,"84":5,"85":0,"86":0,"87":0,"88":0,"91":1,"92":1,"93":3,"94":0,"95":0,"96":0,"97":1,"99":1,"100":0,"101":0},"branchMap":{"0":{"type":"branch","line":52,"loc":{"start":{"line":52,"column":10},"end":{"line":98,"column":1}},"locations":[{"start":{"line":52,"column":10},"end":{"line":98,"column":1}}]},"1":{"type":"branch","line":55,"loc":{"start":{"line":55,"column":40},"end":{"line":55,"column":59}},"locations":[{"start":{"line":55,"column":40},"end":{"line":55,"column":59}}]},"2":{"type":"branch","line":58,"loc":{"start":{"line":58,"column":15},"end":{"line":81,"column":22}},"locations":[{"start":{"line":58,"column":15},"end":{"line":81,"column":22}}]},"3":{"type":"branch","line":60,"loc":{"start":{"line":60,"column":38},"end":{"line":80,"column":52}},"locations":[{"start":{"line":60,"column":38},"end":{"line":80,"column":52}}]},"4":{"type":"branch","line":61,"loc":{"start":{"line":61,"column":30},"end":{"line":61,"column":79}},"locations":[{"start":{"line":61,"column":30},"end":{"line":61,"column":79}}]},"5":{"type":"branch","line":68,"loc":{"start":{"line":68,"column":4},"end":{"line":80,"column":52}},"locations":[{"start":{"line":68,"column":4},"end":{"line":80,"column":52}}]},"6":{"type":"branch","line":80,"loc":{"start":{"line":80,"column":51},"end":{"line":81,"column":22}},"locations":[{"start":{"line":80,"column":51},"end":{"line":81,"column":22}}]},"7":{"type":"branch","line":81,"loc":{"start":{"line":81,"column":22},"end":{"line":81,"column":45}},"locations":[{"start":{"line":81,"column":22},"end":{"line":81,"column":45}}]},"8":{"type":"branch","line":82,"loc":{"start":{"line":82,"column":4},"end":{"line":84,"column":101}},"locations":[{"start":{"line":82,"column":4},"end":{"line":84,"column":101}}]},"9":{"type":"branch","line":82,"loc":{"start":{"line":82,"column":4},"end":{"line":84,"column":41}},"locations":[{"start":{"line":82,"column":4},"end":{"line":84,"column":41}}]},"10":{"type":"branch","line":84,"loc":{"start":{"line":84,"column":25},"end":{"line":84,"column":101}},"locations":[{"start":{"line":84,"column":25},"end":{"line":84,"column":101}}]},"11":{"type":"branch","line":85,"loc":{"start":{"line":85,"column":19},"end":{"line":97,"column":3}},"locations":[{"start":{"line":85,"column":19},"end":{"line":97,"column":3}}]},"12":{"type":"branch","line":85,"loc":{"start":{"line":85,"column":19},"end":{"line":89,"column":5}},"locations":[{"start":{"line":85,"column":19},"end":{"line":89,"column":5}}]},"13":{"type":"branch","line":89,"loc":{"start":{"line":89,"column":4},"end":{"line":94,"column":11}},"locations":[{"start":{"line":89,"column":4},"end":{"line":94,"column":11}}]},"14":{"type":"branch","line":94,"loc":{"start":{"line":94,"column":2},"end":{"line":97,"column":3}},"locations":[{"start":{"line":94,"column":2},"end":{"line":97,"column":3}}]},"15":{"type":"branch","line":75,"loc":{"start":{"line":75,"column":22},"end":{"line":75,"column":44}},"locations":[{"start":{"line":75,"column":22},"end":{"line":75,"column":44}}]},"16":{"type":"branch","line":9,"loc":{"start":{"line":9,"column":104},"end":{"line":31,"column":286}},"locations":[{"start":{"line":9,"column":104},"end":{"line":31,"column":286}}]},"17":{"type":"branch","line":12,"loc":{"start":{"line":12,"column":26},"end":{"line":20,"column":282}},"locations":[{"start":{"line":12,"column":26},"end":{"line":20,"column":282}}]},"18":{"type":"branch","line":20,"loc":{"start":{"line":20,"column":273},"end":{"line":31,"column":286}},"locations":[{"start":{"line":20,"column":273},"end":{"line":31,"column":286}}]}},"b":{"0":[5],"1":[0],"2":[4],"3":[2],"4":[0],"5":[1],"6":[0],"7":[0],"8":[3],"9":[1],"10":[0],"11":[3],"12":[0],"13":[1],"14":[0],"15":[1],"16":[5],"17":[3],"18":[2]},"fnMap":{"0":{"name":"currentUser","decl":{"start":{"line":75,"column":22},"end":{"line":75,"column":44}},"loc":{"start":{"line":75,"column":22},"end":{"line":75,"column":44}},"line":75},"1":{"name":"goHome","decl":{"start":{"line":100,"column":15},"end":{"line":102,"column":1}},"loc":{"start":{"line":100,"column":15},"end":{"line":102,"column":1}},"line":100}},"f":{"0":1,"1":0}}
}
